This is pdfTeX, Version 3.14159265-2.6-1.40.21 (TeX Live 2020) (preloaded format=pdflatex 2020.4.7)  18 MAR 2021 06:54
entering extended mode
 restricted \write18 enabled.
 %&-line parsing enabled.
**ForestGEO_treerings_SI.tex
(./ForestGEO_treerings_SI.tex
LaTeX2e <2020-02-02> patch level 5
L3 programming layer <2020-03-06> (/usr/local/texlive/2020/texmf-dist/tex/latex
/base/article.cls
Document Class: article 2019/12/20 v1.4l Standard LaTeX document class
(/usr/local/texlive/2020/texmf-dist/tex/latex/base/size10.clo
File: size10.clo 2019/12/20 v1.4l Standard LaTeX file (size option)
)
\c@part=\count167
\c@section=\count168
\c@subsection=\count169
\c@subsubsection=\count170
\c@paragraph=\count171
\c@subparagraph=\count172
\c@figure=\count173
\c@table=\count174
\abovecaptionskip=\skip47
\belowcaptionskip=\skip48
\bibindent=\dimen134
) (/usr/local/texlive/2020/texmf-dist/tex/latex/amsmath/amsmath.sty
Package: amsmath 2020/01/20 v2.17e AMS math features
\@mathmargin=\skip49
For additional information on amsmath, use the `?' option.
(/usr/local/texlive/2020/texmf-dist/tex/latex/amsmath/amstext.sty
Package: amstext 2000/06/29 v2.01 AMS text
(/usr/local/texlive/2020/texmf-dist/tex/latex/amsmath/amsgen.sty
File: amsgen.sty 1999/11/30 v2.0 generic functions
\@emptytoks=\toks15
\ex@=\dimen135
)) (/usr/local/texlive/2020/texmf-dist/tex/latex/amsmath/amsbsy.sty
Package: amsbsy 1999/11/29 v1.2d Bold Symbols
\pmbraise@=\dimen136
) (/usr/local/texlive/2020/texmf-dist/tex/latex/amsmath/amsopn.sty
Package: amsopn 2016/03/08 v2.02 operator names
)
\inf@bad=\count175
LaTeX Info: Redefining \frac on input line 227.
\uproot@=\count176
\leftroot@=\count177
LaTeX Info: Redefining \overline on input line 389.
\classnum@=\count178
\DOTSCASE@=\count179
LaTeX Info: Redefining \ldots on input line 486.
LaTeX Info: Redefining \dots on input line 489.
LaTeX Info: Redefining \cdots on input line 610.
\Mathstrutbox@=\box45
\strutbox@=\box46
\big@size=\dimen137
LaTeX Font Info:    Redeclaring font encoding OML on input line 733.
LaTeX Font Info:    Redeclaring font encoding OMS on input line 734.
\macc@depth=\count180
\c@MaxMatrixCols=\count181
\dotsspace@=\muskip16
\c@parentequation=\count182
\dspbrk@lvl=\count183
\tag@help=\toks16
\row@=\count184
\column@=\count185
\maxfields@=\count186
\andhelp@=\toks17
\eqnshift@=\dimen138
\alignsep@=\dimen139
\tagshift@=\dimen140
\tagwidth@=\dimen141
\totwidth@=\dimen142
\lineht@=\dimen143
\@envbody=\toks18
\multlinegap=\skip50
\multlinetaggap=\skip51
\mathdisplay@stack=\toks19
LaTeX Info: Redefining \[ on input line 2859.
LaTeX Info: Redefining \] on input line 2860.
) (/usr/local/texlive/2020/texmf-dist/tex/latex/amsfonts/amssymb.sty
Package: amssymb 2013/01/14 v3.01 AMS font symbols
(/usr/local/texlive/2020/texmf-dist/tex/latex/amsfonts/amsfonts.sty
Package: amsfonts 2013/01/14 v3.01 Basic AMSFonts support
\symAMSa=\mathgroup4
\symAMSb=\mathgroup5
LaTeX Font Info:    Redeclaring math symbol \hbar on input line 98.
LaTeX Font Info:    Overwriting math alphabet `\mathfrak' in version `bold'
(Font)                  U/euf/m/n --> U/euf/b/n on input line 106.
)) (/usr/local/texlive/2020/texmf-dist/tex/latex/lm/lmodern.sty
Package: lmodern 2009/10/30 v1.6 Latin Modern Fonts
LaTeX Font Info:    Overwriting symbol font `operators' in version `normal'
(Font)                  OT1/cmr/m/n --> OT1/lmr/m/n on input line 22.
LaTeX Font Info:    Overwriting symbol font `letters' in version `normal'
(Font)                  OML/cmm/m/it --> OML/lmm/m/it on input line 23.
LaTeX Font Info:    Overwriting symbol font `symbols' in version `normal'
(Font)                  OMS/cmsy/m/n --> OMS/lmsy/m/n on input line 24.
LaTeX Font Info:    Overwriting symbol font `largesymbols' in version `normal'
(Font)                  OMX/cmex/m/n --> OMX/lmex/m/n on input line 25.
LaTeX Font Info:    Overwriting symbol font `operators' in version `bold'
(Font)                  OT1/cmr/bx/n --> OT1/lmr/bx/n on input line 26.
LaTeX Font Info:    Overwriting symbol font `letters' in version `bold'
(Font)                  OML/cmm/b/it --> OML/lmm/b/it on input line 27.
LaTeX Font Info:    Overwriting symbol font `symbols' in version `bold'
(Font)                  OMS/cmsy/b/n --> OMS/lmsy/b/n on input line 28.
LaTeX Font Info:    Overwriting symbol font `largesymbols' in version `bold'
(Font)                  OMX/cmex/m/n --> OMX/lmex/m/n on input line 29.
LaTeX Font Info:    Overwriting math alphabet `\mathbf' in version `normal'
(Font)                  OT1/cmr/bx/n --> OT1/lmr/bx/n on input line 31.
LaTeX Font Info:    Overwriting math alphabet `\mathsf' in version `normal'
(Font)                  OT1/cmss/m/n --> OT1/lmss/m/n on input line 32.
LaTeX Font Info:    Overwriting math alphabet `\mathit' in version `normal'
(Font)                  OT1/cmr/m/it --> OT1/lmr/m/it on input line 33.
LaTeX Font Info:    Overwriting math alphabet `\mathtt' in version `normal'
(Font)                  OT1/cmtt/m/n --> OT1/lmtt/m/n on input line 34.
LaTeX Font Info:    Overwriting math alphabet `\mathbf' in version `bold'
(Font)                  OT1/cmr/bx/n --> OT1/lmr/bx/n on input line 35.
LaTeX Font Info:    Overwriting math alphabet `\mathsf' in version `bold'
(Font)                  OT1/cmss/bx/n --> OT1/lmss/bx/n on input line 36.
LaTeX Font Info:    Overwriting math alphabet `\mathit' in version `bold'
(Font)                  OT1/cmr/bx/it --> OT1/lmr/bx/it on input line 37.
LaTeX Font Info:    Overwriting math alphabet `\mathtt' in version `bold'
(Font)                  OT1/cmtt/m/n --> OT1/lmtt/m/n on input line 38.
) (/usr/local/texlive/2020/texmf-dist/tex/generic/iftex/ifxetex.sty
Package: ifxetex 2019/10/25 v0.7 ifxetex legacy package. Use iftex instead.
(/usr/local/texlive/2020/texmf-dist/tex/generic/iftex/iftex.sty
Package: iftex 2020/03/06 v1.0d TeX engine tests
)) (/usr/local/texlive/2020/texmf-dist/tex/generic/iftex/ifluatex.sty
Package: ifluatex 2019/10/25 v1.5 ifluatex legacy package. Use iftex instead.
) (/usr/local/texlive/2020/texmf-dist/tex/latex/base/fontenc.sty
Package: fontenc 2020/02/11 v2.0o Standard LaTeX package
LaTeX Font Info:    Trying to load font information for T1+lmr on input line 11
2.
(/usr/local/texlive/2020/texmf-dist/tex/latex/lm/t1lmr.fd
File: t1lmr.fd 2009/10/30 v1.6 Font defs for Latin Modern
)) (/usr/local/texlive/2020/texmf-dist/tex/latex/base/inputenc.sty
Package: inputenc 2018/08/11 v1.3c Input encoding file
\inpenc@prehook=\toks20
\inpenc@posthook=\toks21
) (/usr/local/texlive/2020/texmf-dist/tex/latex/base/textcomp.sty
Package: textcomp 2020/02/02 v2.0n Standard LaTeX package
) (/usr/local/texlive/2020/texmf-dist/tex/latex/upquote/upquote.sty
Package: upquote 2012/04/19 v1.3 upright-quote and grave-accent glyphs in verba
tim
) (/usr/local/texlive/2020/texmf-dist/tex/latex/microtype/microtype.sty
Package: microtype 2019/11/18 v2.7d Micro-typographical refinements (RS)
(/usr/local/texlive/2020/texmf-dist/tex/latex/graphics/keyval.sty
Package: keyval 2014/10/28 v1.15 key=value parser (DPC)
\KV@toks@=\toks22
)
\MT@toks=\toks23
\MT@count=\count187
LaTeX Info: Redefining \textls on input line 790.
\MT@outer@kern=\dimen144
LaTeX Info: Redefining \textmicrotypecontext on input line 1354.
\MT@listname@count=\count188
(/usr/local/texlive/2020/texmf-dist/tex/latex/microtype/microtype-pdftex.def
File: microtype-pdftex.def 2019/11/18 v2.7d Definitions specific to pdftex (RS)

LaTeX Info: Redefining \lsstyle on input line 914.
LaTeX Info: Redefining \lslig on input line 914.
\MT@outer@space=\skip52
)
Package microtype Info: Loading configuration file microtype.cfg.
(/usr/local/texlive/2020/texmf-dist/tex/latex/microtype/microtype.cfg
File: microtype.cfg 2019/11/18 v2.7d microtype main configuration file (RS)
)) (/usr/local/texlive/2020/texmf-dist/tex/latex/parskip/parskip.sty
Package: parskip 2020-01-22 v2.0d non-zero parskip adjustments
(/usr/local/texlive/2020/texmf-dist/tex/latex/kvoptions/kvoptions.sty
Package: kvoptions 2019/11/29 v3.13 Key value format for package options (HO)
(/usr/local/texlive/2020/texmf-dist/tex/generic/ltxcmds/ltxcmds.sty
Package: ltxcmds 2019/12/15 v1.24 LaTeX kernel commands for general use (HO)
) (/usr/local/texlive/2020/texmf-dist/tex/generic/kvsetkeys/kvsetkeys.sty
Package: kvsetkeys 2019/12/15 v1.18 Key value parser (HO)
)) (/usr/local/texlive/2020/texmf-dist/tex/latex/etoolbox/etoolbox.sty
Package: etoolbox 2019/09/21 v2.5h e-TeX tools for LaTeX (JAW)
\etb@tempcnta=\count189
)) (/usr/local/texlive/2020/texmf-dist/tex/latex/xcolor/xcolor.sty
Package: xcolor 2016/05/11 v2.12 LaTeX color extensions (UK)
(/usr/local/texlive/2020/texmf-dist/tex/latex/graphics-cfg/color.cfg
File: color.cfg 2016/01/02 v1.6 sample color configuration
)
Package xcolor Info: Driver file: pdftex.def on input line 225.
(/usr/local/texlive/2020/texmf-dist/tex/latex/graphics-def/pdftex.def
File: pdftex.def 2018/01/08 v1.0l Graphics/color driver for pdftex
)
Package xcolor Info: Model `cmy' substituted by `cmy0' on input line 1348.
Package xcolor Info: Model `hsb' substituted by `rgb' on input line 1352.
Package xcolor Info: Model `RGB' extended on input line 1364.
Package xcolor Info: Model `HTML' substituted by `rgb' on input line 1366.
Package xcolor Info: Model `Hsb' substituted by `hsb' on input line 1367.
Package xcolor Info: Model `tHsb' substituted by `hsb' on input line 1368.
Package xcolor Info: Model `HSB' substituted by `hsb' on input line 1369.
Package xcolor Info: Model `Gray' substituted by `gray' on input line 1370.
Package xcolor Info: Model `wave' substituted by `hsb' on input line 1371.
) (/usr/local/texlive/2020/texmf-dist/tex/latex/xurl/xurl.sty
Package: xurl 2020/01/24 v 0.09 modify URL breaks
(/usr/local/texlive/2020/texmf-dist/tex/latex/url/url.sty
\Urlmuskip=\muskip17
Package: url 2013/09/16  ver 3.4  Verb mode for urls, etc.
)) (/usr/local/texlive/2020/texmf-dist/tex/latex/bookmark/bookmark.sty
Package: bookmark 2019/12/03 v1.28 PDF bookmarks (HO)
(/usr/local/texlive/2020/texmf-dist/tex/latex/hyperref/hyperref.sty
Package: hyperref 2020/01/14 v7.00d Hypertext links for LaTeX
(/usr/local/texlive/2020/texmf-dist/tex/latex/pdftexcmds/pdftexcmds.sty
Package: pdftexcmds 2019/11/24 v0.31 Utility functions of pdfTeX for LuaTeX (HO
)
(/usr/local/texlive/2020/texmf-dist/tex/generic/infwarerr/infwarerr.sty
Package: infwarerr 2019/12/03 v1.5 Providing info/warning/error messages (HO)
)
Package pdftexcmds Info: \pdf@primitive is available.
Package pdftexcmds Info: \pdf@ifprimitive is available.
Package pdftexcmds Info: \pdfdraftmode found.
) (/usr/local/texlive/2020/texmf-dist/tex/generic/kvdefinekeys/kvdefinekeys.sty
Package: kvdefinekeys 2019-12-19 v1.6 Define keys (HO)
) (/usr/local/texlive/2020/texmf-dist/tex/generic/pdfescape/pdfescape.sty
Package: pdfescape 2019/12/09 v1.15 Implements pdfTeX's escape features (HO)
) (/usr/local/texlive/2020/texmf-dist/tex/latex/hycolor/hycolor.sty
Package: hycolor 2020-01-27 v1.10 Color options for hyperref/bookmark (HO)
) (/usr/local/texlive/2020/texmf-dist/tex/latex/letltxmacro/letltxmacro.sty
Package: letltxmacro 2019/12/03 v1.6 Let assignment for LaTeX macros (HO)
) (/usr/local/texlive/2020/texmf-dist/tex/latex/auxhook/auxhook.sty
Package: auxhook 2019-12-17 v1.6 Hooks for auxiliary files (HO)
)
\@linkdim=\dimen145
\Hy@linkcounter=\count190
\Hy@pagecounter=\count191
(/usr/local/texlive/2020/texmf-dist/tex/latex/hyperref/pd1enc.def
File: pd1enc.def 2020/01/14 v7.00d Hyperref: PDFDocEncoding definition (HO)
Now handling font encoding PD1 ...
... no UTF-8 mapping file for font encoding PD1
) (/usr/local/texlive/2020/texmf-dist/tex/generic/intcalc/intcalc.sty
Package: intcalc 2019/12/15 v1.3 Expandable calculations with integers (HO)
) (/usr/local/texlive/2020/texmf-dist/tex/generic/etexcmds/etexcmds.sty
Package: etexcmds 2019/12/15 v1.7 Avoid name clashes with e-TeX commands (HO)
)
\Hy@SavedSpaceFactor=\count192
Package hyperref Info: Option `unicode' set `true' on input line 4421.
(/usr/local/texlive/2020/texmf-dist/tex/latex/hyperref/puenc.def
File: puenc.def 2020/01/14 v7.00d Hyperref: PDF Unicode definition (HO)
Now handling font encoding PU ...
... no UTF-8 mapping file for font encoding PU
)
Package hyperref Info: Hyper figures OFF on input line 4547.
Package hyperref Info: Link nesting OFF on input line 4552.
Package hyperref Info: Hyper index ON on input line 4555.
Package hyperref Info: Plain pages OFF on input line 4562.
Package hyperref Info: Backreferencing OFF on input line 4567.
Package hyperref Info: Implicit mode ON; LaTeX internals redefined.
Package hyperref Info: Bookmarks ON on input line 4800.
\c@Hy@tempcnt=\count193
LaTeX Info: Redefining \url on input line 5159.
\XeTeXLinkMargin=\dimen146
(/usr/local/texlive/2020/texmf-dist/tex/generic/bitset/bitset.sty
Package: bitset 2019/12/09 v1.3 Handle bit-vector datatype (HO)
(/usr/local/texlive/2020/texmf-dist/tex/generic/bigintcalc/bigintcalc.sty
Package: bigintcalc 2019/12/15 v1.5 Expandable calculations on big integers (HO
)
))
\Fld@menulength=\count194
\Field@Width=\dimen147
\Fld@charsize=\dimen148
Package hyperref Info: Hyper figures OFF on input line 6430.
Package hyperref Info: Link nesting OFF on input line 6435.
Package hyperref Info: Hyper index ON on input line 6438.
Package hyperref Info: backreferencing OFF on input line 6445.
Package hyperref Info: Link coloring OFF on input line 6450.
Package hyperref Info: Link coloring with OCG OFF on input line 6455.
Package hyperref Info: PDF/A mode OFF on input line 6460.
LaTeX Info: Redefining \ref on input line 6500.
LaTeX Info: Redefining \pageref on input line 6504.
(/usr/local/texlive/2020/texmf-dist/tex/generic/atbegshi/atbegshi.sty
Package: atbegshi 2019/12/05 v1.19 At begin shipout hook (HO)
)
\Hy@abspage=\count195
\c@Item=\count196
\c@Hfootnote=\count197
)
Package hyperref Info: Driver (autodetected): hpdftex.
(/usr/local/texlive/2020/texmf-dist/tex/latex/hyperref/hpdftex.def
File: hpdftex.def 2020/01/14 v7.00d Hyperref driver for pdfTeX
(/usr/local/texlive/2020/texmf-dist/tex/latex/atveryend/atveryend.sty
Package: atveryend 2019-12-11 v1.11 Hooks at the very end of document (HO)
)
\Fld@listcount=\count198
\c@bookmark@seq@number=\count199

(/usr/local/texlive/2020/texmf-dist/tex/latex/rerunfilecheck/rerunfilecheck.sty
Package: rerunfilecheck 2019/12/05 v1.9 Rerun checks for auxiliary files (HO)

(/usr/local/texlive/2020/texmf-dist/tex/generic/uniquecounter/uniquecounter.sty
Package: uniquecounter 2019/12/15 v1.4 Provide unlimited unique counter (HO)
)
Package uniquecounter Info: New unique counter `rerunfilecheck' on input line 2
86.
)
\Hy@SectionHShift=\skip53
) (/usr/local/texlive/2020/texmf-dist/tex/latex/bookmark/bkm-pdftex.def
File: bkm-pdftex.def 2019/12/03 v1.28 bookmark driver for pdfTeX (HO)
\BKM@id=\count266
)) (/usr/local/texlive/2020/texmf-dist/tex/latex/geometry/geometry.sty
Package: geometry 2020/01/02 v5.9 Page Geometry
(/usr/local/texlive/2020/texmf-dist/tex/generic/iftex/ifvtex.sty
Package: ifvtex 2019/10/25 v1.7 ifvtex legacy package. Use iftex instead.
)
\Gm@cnth=\count267
\Gm@cntv=\count268
\c@Gm@tempcnt=\count269
\Gm@bindingoffset=\dimen149
\Gm@wd@mp=\dimen150
\Gm@odd@mp=\dimen151
\Gm@even@mp=\dimen152
\Gm@layoutwidth=\dimen153
\Gm@layoutheight=\dimen154
\Gm@layouthoffset=\dimen155
\Gm@layoutvoffset=\dimen156
\Gm@dimlist=\toks24
) (/usr/local/texlive/2020/texmf-dist/tex/latex/fancyvrb/fancyvrb.sty
Package: fancyvrb 2020/01/13 v3.5 verbatim text (tvz,hv)
\FV@CodeLineNo=\count270
\FV@InFile=\read2
\FV@TabBox=\box47
\c@FancyVerbLine=\count271
\FV@StepNumber=\count272
\FV@OutFile=\write3
) (/usr/local/texlive/2020/texmf-dist/tex/latex/framed/framed.sty
Package: framed 2011/10/22 v 0.96: framed or shaded text with page breaks
\OuterFrameSep=\skip54
\fb@frw=\dimen157
\fb@frh=\dimen158
\FrameRule=\dimen159
\FrameSep=\dimen160
) (/usr/local/texlive/2020/texmf-dist/tex/latex/graphics/graphicx.sty
Package: graphicx 2019/11/30 v1.2a Enhanced LaTeX Graphics (DPC,SPQR)
(/usr/local/texlive/2020/texmf-dist/tex/latex/graphics/graphics.sty
Package: graphics 2019/11/30 v1.4a Standard LaTeX Graphics (DPC,SPQR)
(/usr/local/texlive/2020/texmf-dist/tex/latex/graphics/trig.sty
Package: trig 2016/01/03 v1.10 sin cos tan (DPC)
) (/usr/local/texlive/2020/texmf-dist/tex/latex/graphics-cfg/graphics.cfg
File: graphics.cfg 2016/06/04 v1.11 sample graphics configuration
)
Package graphics Info: Driver file: pdftex.def on input line 105.
)
\Gin@req@height=\dimen161
\Gin@req@width=\dimen162
) (/usr/local/texlive/2020/texmf-dist/tex/latex/float/float.sty
Package: float 2001/11/08 v1.3d Float enhancements (AL)
\c@float@type=\count273
\float@exts=\toks25
\float@box=\box48
\@float@everytoks=\toks26
\@floatcapt=\box49
) (/usr/local/texlive/2020/texmf-dist/tex/latex/caption/caption.sty
Package: caption 2020/01/03 v3.4h Customizing captions (AR)
(/usr/local/texlive/2020/texmf-dist/tex/latex/caption/caption3.sty
Package: caption3 2020/01/03 v1.8h caption3 kernel (AR)
Package caption3 Info: TeX engine: e-TeX on input line 61.
\captionmargin=\dimen163
\captionmargin@=\dimen164
\captionwidth=\dimen165
\caption@tempdima=\dimen166
\caption@indent=\dimen167
\caption@parindent=\dimen168
\caption@hangindent=\dimen169
Package caption Info: Standard document class detected.
)
\c@caption@flags=\count274
\c@continuedfloat=\count275
Package caption Info: float package is loaded.
Package caption Info: hyperref package is loaded.
) (/usr/local/texlive/2020/texmf-dist/tex/latex/pdflscape/pdflscape.sty
Package: pdflscape 2019/12/05 v0.12 Display of landscape pages in PDF (HO)
(/usr/local/texlive/2020/texmf-dist/tex/latex/graphics/lscape.sty
Package: lscape 2000/10/22 v3.01 Landscape Pages (DPC)
)
Package pdflscape Info: Auto-detected driver: pdftex on input line 81.
) (/usr/local/texlive/2020/texmf-dist/tex/latex/booktabs/booktabs.sty
Package: booktabs 2020/01/12 v1.61803398 Publication quality tables
\heavyrulewidth=\dimen170
\lightrulewidth=\dimen171
\cmidrulewidth=\dimen172
\belowrulesep=\dimen173
\belowbottomsep=\dimen174
\aboverulesep=\dimen175
\abovetopsep=\dimen176
\cmidrulesep=\dimen177
\cmidrulekern=\dimen178
\defaultaddspace=\dimen179
\@cmidla=\count276
\@cmidlb=\count277
\@aboverulesep=\dimen180
\@belowrulesep=\dimen181
\@thisruleclass=\count278
\@lastruleclass=\count279
\@thisrulewidth=\dimen182
) (/usr/local/texlive/2020/texmf-dist/tex/latex/tools/longtable.sty
Package: longtable 2020/01/07 v4.13 Multi-page Table package (DPC)
\LTleft=\skip55
\LTright=\skip56
\LTpre=\skip57
\LTpost=\skip58
\LTchunksize=\count280
\LTcapwidth=\dimen183
\LT@head=\box50
\LT@firsthead=\box51
\LT@foot=\box52
\LT@lastfoot=\box53
\LT@cols=\count281
\LT@rows=\count282
\c@LT@tables=\count283
\c@LT@chunks=\count284
\LT@p@ftn=\toks27
) (/usr/local/texlive/2020/texmf-dist/tex/latex/tools/array.sty
Package: array 2019/08/31 v2.4l Tabular extension package (FMi)
\col@sep=\dimen184
\ar@mcellbox=\box54
\extrarowheight=\dimen185
\NC@list=\toks28
\extratabsurround=\skip59
\backup@length=\skip60
\ar@cellbox=\box55
) (/usr/local/texlive/2020/texmf-dist/tex/latex/multirow/multirow.sty
Package: multirow 2019/05/31 v2.5 Span multiple rows of a table
\multirow@colwidth=\skip61
\multirow@cntb=\count285
\multirow@dima=\skip62
\bigstrutjot=\dimen186
) (/usr/local/texlive/2020/texmf-dist/tex/latex/wrapfig/wrapfig.sty
\wrapoverhang=\dimen187
\WF@size=\dimen188
\c@WF@wrappedlines=\count286
\WF@box=\box56
\WF@everypar=\toks29
Package: wrapfig 2003/01/31  v 3.6
) (/usr/local/texlive/2020/texmf-dist/tex/latex/colortbl/colortbl.sty
Package: colortbl 2020/01/04 v1.0e Color table columns (DPC)
\everycr=\toks30
\minrowclearance=\skip63
) (/usr/local/texlive/2020/texmf-dist/tex/latex/tabu/tabu.sty
Package: tabu 2019/01/11 v2.9 - flexible LaTeX tabulars (FC+tabu-fixed)
(/usr/local/texlive/2020/texmf-dist/tex/latex/varwidth/varwidth.sty
Package: varwidth 2009/03/30 ver 0.92;  Variable-width minipages
\@vwid@box=\box57
\sift@deathcycles=\count287
\@vwid@loff=\dimen189
\@vwid@roff=\dimen190
)
\c@taburow=\count288
\tabu@nbcols=\count289
\tabu@cnt=\count290
\tabu@Xcol=\count291
\tabu@alloc=\count292
\tabu@nested=\count293
\tabu@target=\dimen191
\tabu@spreadtarget=\dimen192
\tabu@naturalX=\dimen193
\tabucolX=\dimen194
\tabu@Xsum=\dimen195
\extrarowdepth=\dimen196
\abovetabulinesep=\dimen197
\belowtabulinesep=\dimen198
\tabustrutrule=\dimen199
\tabu@thebody=\toks31
\tabu@footnotes=\toks32
\tabu@box=\box58
\tabu@arstrutbox=\box59
\tabu@hleads=\box60
\tabu@vleads=\box61
\tabu@cellskip=\skip64
)
(/usr/local/texlive/2020/texmf-dist/tex/latex/threeparttable/threeparttable.sty
Package: threeparttable 2003/06/13  v 3.0
\@tempboxb=\box62
)
(/usr/local/texlive/2020/texmf-dist/tex/latex/threeparttablex/threeparttablex.s
ty
Package: threeparttablex 2013/07/23 v0.3 by daleif
(/usr/local/texlive/2020/texmf-dist/tex/latex/environ/environ.sty
Package: environ 2014/05/04 v0.3 A new way to define environments
(/usr/local/texlive/2020/texmf-dist/tex/latex/trimspaces/trimspaces.sty
Package: trimspaces 2009/09/17 v1.1 Trim spaces around a token list
))
\TPTL@width=\skip65
) (/usr/local/texlive/2020/texmf-dist/tex/generic/ulem/ulem.sty
\UL@box=\box63
\UL@hyphenbox=\box64
\UL@skip=\skip66
\UL@hook=\toks33
\UL@height=\dimen256
\UL@pe=\count294
\UL@pixel=\dimen257
\ULC@box=\box65
Package: ulem 2019/11/18
\ULdepth=\dimen258
) (/usr/local/texlive/2020/texmf-dist/tex/latex/makecell/makecell.sty
Package: makecell 2009/08/03 V0.1e Managing of Tab Column Heads and Cells
\rotheadsize=\dimen259
\c@nlinenum=\count295
\TeXr@lab=\toks34
)
\cslhangindent=\skip67
\csllabelwidth=\skip68
(/usr/local/texlive/2020/texmf-dist/tex/latex/tools/calc.sty
Package: calc 2017/05/25 v4.3 Infix arithmetic (KKT,FJ)
\calc@Acount=\count296
\calc@Bcount=\count297
\calc@Adimen=\dimen260
\calc@Bdimen=\dimen261
\calc@Askip=\skip69
\calc@Bskip=\skip70
LaTeX Info: Redefining \setlength on input line 80.
LaTeX Info: Redefining \addtolength on input line 81.
\calc@Ccount=\count298
\calc@Cskip=\skip71
) (/usr/local/texlive/2020/texmf-dist/tex/latex/l3backend/l3backend-pdfmode.def
File: l3backend-pdfmode.def 2020-03-12 L3 backend support: PDF mode
\l__kernel_color_stack_int=\count299
\l__pdf_internal_box=\box66
) (./ForestGEO_treerings_SI.aux)
\openout1 = `ForestGEO_treerings_SI.aux'.

LaTeX Font Info:    Checking defaults for OML/cmm/m/it on input line 144.
LaTeX Font Info:    ... okay on input line 144.
LaTeX Font Info:    Checking defaults for OMS/cmsy/m/n on input line 144.
LaTeX Font Info:    ... okay on input line 144.
LaTeX Font Info:    Checking defaults for OT1/cmr/m/n on input line 144.
LaTeX Font Info:    ... okay on input line 144.
LaTeX Font Info:    Checking defaults for T1/cmr/m/n on input line 144.
LaTeX Font Info:    ... okay on input line 144.
LaTeX Font Info:    Checking defaults for TS1/cmr/m/n on input line 144.
LaTeX Font Info:    ... okay on input line 144.
LaTeX Font Info:    Checking defaults for OMX/cmex/m/n on input line 144.
LaTeX Font Info:    ... okay on input line 144.
LaTeX Font Info:    Checking defaults for U/cmr/m/n on input line 144.
LaTeX Font Info:    ... okay on input line 144.
LaTeX Font Info:    Checking defaults for PD1/pdf/m/n on input line 144.
LaTeX Font Info:    ... okay on input line 144.
LaTeX Font Info:    Checking defaults for PU/pdf/m/n on input line 144.
LaTeX Font Info:    ... okay on input line 144.
LaTeX Info: Redefining \microtypecontext on input line 144.
Package microtype Info: Generating PDF output.
Package microtype Info: Character protrusion enabled (level 2).
Package microtype Info: Using protrusion set `basicmath'.
Package microtype Info: Automatic font expansion enabled (level 2),
(microtype)             stretch: 20, shrink: 20, step: 1, non-selected.
Package microtype Info: Using default expansion set `basictext'.
LaTeX Info: Redefining \showhyphens on input line 144.
Package microtype Info: No adjustment of tracking.
Package microtype Info: No adjustment of interword spacing.
Package microtype Info: No adjustment of character kerning.
(/usr/local/texlive/2020/texmf-dist/tex/latex/microtype/mt-cmr.cfg
File: mt-cmr.cfg 2013/05/19 v2.2 microtype config. file: Computer Modern Roman 
(RS)
) (/usr/local/texlive/2020/texmf-dist/tex/context/base/mkii/supp-pdf.mkii
[Loading MPS to PDF converter (version 2006.09.02).]
\scratchcounter=\count300
\scratchdimen=\dimen262
\scratchbox=\box67
\nofMPsegments=\count301
\nofMParguments=\count302
\everyMPshowfont=\toks35
\MPscratchCnt=\count303
\MPscratchDim=\dimen263
\MPnumerator=\count304
\makeMPintoPDFobject=\count305
\everyMPtoPDFconversion=\toks36
) (/usr/local/texlive/2020/texmf-dist/tex/latex/epstopdf-pkg/epstopdf-base.sty
Package: epstopdf-base 2020-01-24 v2.11 Base part for package epstopdf
Package epstopdf-base Info: Redefining graphics rule for `.eps' on input line 4
85.
(/usr/local/texlive/2020/texmf-dist/tex/latex/latexconfig/epstopdf-sys.cfg
File: epstopdf-sys.cfg 2010/07/13 v1.3 Configuration of (r)epstopdf for TeX Liv
e
))
\AtBeginShipoutBox=\box68
Package hyperref Info: Link coloring OFF on input line 144.
(/usr/local/texlive/2020/texmf-dist/tex/latex/hyperref/nameref.sty
Package: nameref 2019/09/16 v2.46 Cross-referencing by name of section
(/usr/local/texlive/2020/texmf-dist/tex/latex/refcount/refcount.sty
Package: refcount 2019/12/15 v3.6 Data extraction from label references (HO)
)
(/usr/local/texlive/2020/texmf-dist/tex/generic/gettitlestring/gettitlestring.s
ty
Package: gettitlestring 2019/12/15 v1.6 Cleanup title references (HO)
)
\c@section@level=\count306
)
LaTeX Info: Redefining \ref on input line 144.
LaTeX Info: Redefining \pageref on input line 144.
LaTeX Info: Redefining \nameref on input line 144.
*geometry* driver: auto-detecting
*geometry* detected driver: pdftex
*geometry* verbose mode - [ preamble ] result:
* driver: pdftex
* paper: <default>
* layout: <same size as paper>
* layoutoffset:(h,v)=(0.0pt,0.0pt)
* modes: 
* h-part:(L,W,R)=(72.26999pt, 469.75502pt, 72.26999pt)
* v-part:(T,H,B)=(72.26999pt, 650.43001pt, 72.26999pt)
* \paperwidth=614.295pt
* \paperheight=794.96999pt
* \textwidth=469.75502pt
* \textheight=650.43001pt
* \oddsidemargin=0.0pt
* \evensidemargin=0.0pt
* \topmargin=-37.0pt
* \headheight=12.0pt
* \headsep=25.0pt
* \topskip=10.0pt
* \footskip=30.0pt
* \marginparwidth=65.0pt
* \marginparsep=11.0pt
* \columnsep=10.0pt
* \skip\footins=9.0pt plus 4.0pt minus 2.0pt
* \hoffset=0.0pt
* \voffset=0.0pt
* \mag=1000
* \@twocolumnfalse
* \@twosidefalse
* \@mparswitchfalse
* \@reversemarginfalse
* (1in=72.27pt=25.4mm, 1cm=28.453pt)

Package caption Info: Begin \AtBeginDocument code.
Package caption Info: longtable package is loaded.
(/usr/local/texlive/2020/texmf-dist/tex/latex/caption/ltcaption.sty
Package: ltcaption 2018/08/26 v1.4a longtable captions (AR)
)
Package caption Info: threeparttable package is loaded.
Package caption Info: wrapfig package is loaded.
Package caption Info: End \AtBeginDocument code.
LaTeX Font Info:    Trying to load font information for OT1+lmr on input line 1
46.
(/usr/local/texlive/2020/texmf-dist/tex/latex/lm/ot1lmr.fd
File: ot1lmr.fd 2009/10/30 v1.6 Font defs for Latin Modern
)
LaTeX Font Info:    Trying to load font information for OML+lmm on input line 1
46.
(/usr/local/texlive/2020/texmf-dist/tex/latex/lm/omllmm.fd
File: omllmm.fd 2009/10/30 v1.6 Font defs for Latin Modern
)
LaTeX Font Info:    Trying to load font information for OMS+lmsy on input line 
146.
(/usr/local/texlive/2020/texmf-dist/tex/latex/lm/omslmsy.fd
File: omslmsy.fd 2009/10/30 v1.6 Font defs for Latin Modern
)
LaTeX Font Info:    Trying to load font information for OMX+lmex on input line 
146.
(/usr/local/texlive/2020/texmf-dist/tex/latex/lm/omxlmex.fd
File: omxlmex.fd 2009/10/30 v1.6 Font defs for Latin Modern
)
LaTeX Font Info:    External font `lmex10' loaded for size
(Font)              <12> on input line 146.
LaTeX Font Info:    External font `lmex10' loaded for size
(Font)              <8> on input line 146.
LaTeX Font Info:    External font `lmex10' loaded for size
(Font)              <6> on input line 146.
LaTeX Font Info:    Trying to load font information for U+msa on input line 146
.
(/usr/local/texlive/2020/texmf-dist/tex/latex/amsfonts/umsa.fd
File: umsa.fd 2013/01/14 v3.01 AMS symbols A
) (/usr/local/texlive/2020/texmf-dist/tex/latex/microtype/mt-msa.cfg
File: mt-msa.cfg 2006/02/04 v1.1 microtype config. file: AMS symbols (a) (RS)
)
LaTeX Font Info:    Trying to load font information for U+msb on input line 146
.
(/usr/local/texlive/2020/texmf-dist/tex/latex/amsfonts/umsb.fd
File: umsb.fd 2013/01/14 v3.01 AMS symbols B
) (/usr/local/texlive/2020/texmf-dist/tex/latex/microtype/mt-msb.cfg
File: mt-msb.cfg 2005/06/01 v1.0 microtype config. file: AMS symbols (b) (RS)
) (./ForestGEO_treerings_SI.toc
LaTeX Font Info:    External font `lmex10' loaded for size
(Font)              <10> on input line 1.
LaTeX Font Info:    External font `lmex10' loaded for size
(Font)              <7> on input line 1.
LaTeX Font Info:    External font `lmex10' loaded for size
(Font)              <5> on input line 1.
[1

{/usr/local/texlive/2020/texmf-var/fonts/map/pdftex/updmap/pdftex.map}])
\tf@toc=\write4
\openout4 = `ForestGEO_treerings_SI.toc'.

[2]

LaTeX Warning: Command \v invalid in math mode on input line 234.


LaTeX Warning: Command \' invalid in math mode on input line 234.


LaTeX Warning: Command \v invalid in math mode on input line 236.


LaTeX Warning: Command \' invalid in math mode on input line 236.

[3]
LaTeX Font Info:    Trying to load font information for TS1+lmr on input line 3
17.
(/usr/local/texlive/2020/texmf-dist/tex/latex/lm/ts1lmr.fd
File: ts1lmr.fd 2009/10/30 v1.6 Font defs for Latin Modern
) [4] [5] [6] [7] [8] [9] [10] [11]

LaTeX Warning: Command \v invalid in math mode on input line 721.


LaTeX Warning: Command \' invalid in math mode on input line 721.

[12] [13]
Overfull \hbox (1.46829pt too wide) in alignment at lines 845--851
 [] [] [] [] [] [] [] [] [] 
 []


Overfull \hbox (1.46829pt too wide) in alignment at lines 851--858
 [] [] [] [] [] [] [] [] [] 
 []


Overfull \hbox (1.46829pt too wide) in alignment at lines 858--860
 [] [] [] [] [] [] [] [] [] 
 []


Overfull \hbox (1.46829pt too wide) in alignment at lines 860--862
 [] [] [] [] [] [] [] [] [] 
 []


Overfull \hbox (1.46829pt too wide) in alignment at lines 862--902
 [] [] [] [] [] [] [] [] [] 
 []


Overfull \hbox (1.46829pt too wide) in alignment at lines 902--942
 [] [] [] [] [] [] [] [] [] 
 []


Overfull \hbox (1.46829pt too wide) in alignment at lines 942--952
 [] [] [] [] [] [] [] [] [] 
 []

[14] [15] [16]

LaTeX Warning: Command \' invalid in math mode on input line 1046.


LaTeX Warning: Command \' invalid in math mode on input line 1047.


LaTeX Warning: Command \' invalid in math mode on input line 1048.


Underfull \vbox (badness 10000) detected at line 1065
 []

[17]
Underfull \vbox (badness 10000) detected at line 1100
 []

[18]

LaTeX Warning: Command \v invalid in math mode on input line 1115.


LaTeX Warning: Command \v invalid in math mode on input line 1115.


LaTeX Warning: Command \' invalid in math mode on input line 1115.


LaTeX Warning: Command \v invalid in math mode on input line 1115.


LaTeX Warning: Command \' invalid in math mode on input line 1115.


LaTeX Warning: Command \v invalid in math mode on input line 1115.


LaTeX Warning: Command \v invalid in math mode on input line 1116.


LaTeX Warning: Command \v invalid in math mode on input line 1116.


LaTeX Warning: Command \' invalid in math mode on input line 1116.


LaTeX Warning: Command \v invalid in math mode on input line 1116.


LaTeX Warning: Command \' invalid in math mode on input line 1116.


LaTeX Warning: Command \v invalid in math mode on input line 1116.


LaTeX Warning: Command \v invalid in math mode on input line 1117.


LaTeX Warning: Command \v invalid in math mode on input line 1117.


LaTeX Warning: Command \' invalid in math mode on input line 1117.


LaTeX Warning: Command \v invalid in math mode on input line 1117.


LaTeX Warning: Command \' invalid in math mode on input line 1117.


LaTeX Warning: Command \v invalid in math mode on input line 1117.


Underfull \vbox (badness 10000) detected at line 1134
 []

[19]
<tables_figures/SI_figures/recruitment_years/Recrutement_years_BCI.png, id=299,
 289.08pt x 578.16pt>
File: tables_figures/SI_figures/recruitment_years/Recrutement_years_BCI.png Gra
phic file (type png)
<use tables_figures/SI_figures/recruitment_years/Recrutement_years_BCI.png>
Package pdftex.def Info: tables_figures/SI_figures/recruitment_years/Recrutemen
t_years_BCI.png  used on input line 1152.
(pdftex.def)             Requested size: 220.78377pt x 441.56755pt.
[20 <./tables_figures/SI_figures/recruitment_years/Recrutement_years_BCI.png>]
<tables_figures/SI_figures/recruitment_years/Recrutement_years_HKK.png, id=308,
 289.08pt x 578.16pt>
File: tables_figures/SI_figures/recruitment_years/Recrutement_years_HKK.png Gra
phic file (type png)
<use tables_figures/SI_figures/recruitment_years/Recrutement_years_HKK.png>
Package pdftex.def Info: tables_figures/SI_figures/recruitment_years/Recrutemen
t_years_HKK.png  used on input line 1171.
(pdftex.def)             Requested size: 220.78377pt x 441.56755pt.
[21 <./tables_figures/SI_figures/recruitment_years/Recrutement_years_HKK.png>]
<tables_figures/SI_figures/recruitment_years/Recrutement_years_SCBI.png, id=317
, 578.16pt x 578.16pt>
File: tables_figures/SI_figures/recruitment_years/Recrutement_years_SCBI.png Gr
aphic file (type png)
<use tables_figures/SI_figures/recruitment_years/Recrutement_years_SCBI.png>
Package pdftex.def Info: tables_figures/SI_figures/recruitment_years/Recrutemen
t_years_SCBI.png  used on input line 1189.
(pdftex.def)             Requested size: 422.77669pt x 422.77669pt.
[22 <./tables_figures/SI_figures/recruitment_years/Recrutement_years_SCBI.png>]
<tables_figures/SI_figures/recruitment_years/Recrutement_years_LillyDickey.png,
 id=325, 289.08pt x 578.16pt>
File: tables_figures/SI_figures/recruitment_years/Recrutement_years_LillyDickey
.png Graphic file (type png)
<use tables_figures/SI_figures/recruitment_years/Recrutement_years_LillyDickey.
png>
Package pdftex.def Info: tables_figures/SI_figures/recruitment_years/Recrutemen
t_years_LillyDickey.png  used on input line 1207.
(pdftex.def)             Requested size: 220.78377pt x 441.56755pt.
[23 <./tables_figures/SI_figures/recruitment_years/Recrutement_years_LillyDicke
y.png>]
<tables_figures/SI_figures/recruitment_years/Recrutement_years_HarvardForest.pn
g, id=333, 289.08pt x 578.16pt>
File: tables_figures/SI_figures/recruitment_years/Recrutement_years_HarvardFore
st.png Graphic file (type png)
<use tables_figures/SI_figures/recruitment_years/Recrutement_years_HarvardFores
t.png>
Package pdftex.def Info: tables_figures/SI_figures/recruitment_years/Recrutemen
t_years_HarvardForest.png  used on input line 1225.
(pdftex.def)             Requested size: 220.78377pt x 441.56755pt.
[24 <./tables_figures/SI_figures/recruitment_years/Recrutement_years_HarvardFor
est.png>]
<tables_figures/SI_figures/recruitment_years/Recrutement_years_Zofin.png, id=34
1, 289.08pt x 578.16pt>
File: tables_figures/SI_figures/recruitment_years/Recrutement_years_Zofin.png G
raphic file (type png)
<use tables_figures/SI_figures/recruitment_years/Recrutement_years_Zofin.png>
Package pdftex.def Info: tables_figures/SI_figures/recruitment_years/Recrutemen
t_years_Zofin.png  used on input line 1243.
(pdftex.def)             Requested size: 220.78377pt x 441.56755pt.
[25 <./tables_figures/SI_figures/recruitment_years/Recrutement_years_Zofin.png>
]
<tables_figures/SI_figures/recruitment_years/Recrutement_years_Niobara.png, id=
350, 289.08pt x 578.16pt>
File: tables_figures/SI_figures/recruitment_years/Recrutement_years_Niobara.png
 Graphic file (type png)
<use tables_figures/SI_figures/recruitment_years/Recrutement_years_Niobara.png>

Package pdftex.def Info: tables_figures/SI_figures/recruitment_years/Recrutemen
t_years_Niobara.png  used on input line 1261.
(pdftex.def)             Requested size: 220.78377pt x 441.56755pt.
[26 <./tables_figures/SI_figures/recruitment_years/Recrutement_years_Niobara.pn
g>]
<tables_figures/SI_figures/recruitment_years/Recrutement_years_NewMexico.png, i
d=358, 289.08pt x 578.16pt>
File: tables_figures/SI_figures/recruitment_years/Recrutement_years_NewMexico.p
ng Graphic file (type png)
<use tables_figures/SI_figures/recruitment_years/Recrutement_years_NewMexico.pn
g>
Package pdftex.def Info: tables_figures/SI_figures/recruitment_years/Recrutemen
t_years_NewMexico.png  used on input line 1279.
(pdftex.def)             Requested size: 220.78377pt x 441.56755pt.
[27 <./tables_figures/SI_figures/recruitment_years/Recrutement_years_NewMexico.
png>]
<tables_figures/SI_figures/recruitment_years/Recrutement_years_CedarBreaks.png,
 id=366, 289.08pt x 578.16pt>
File: tables_figures/SI_figures/recruitment_years/Recrutement_years_CedarBreaks
.png Graphic file (type png)
<use tables_figures/SI_figures/recruitment_years/Recrutement_years_CedarBreaks.
png>
Package pdftex.def Info: tables_figures/SI_figures/recruitment_years/Recrutemen
t_years_CedarBreaks.png  used on input line 1297.
(pdftex.def)             Requested size: 220.78377pt x 441.56755pt.
[28 <./tables_figures/SI_figures/recruitment_years/Recrutement_years_CedarBreak
s.png (PNG copy)>]
<tables_figures/SI_figures/recruitment_years/Recrutement_years_ScottyCreek.png,
 id=373, 289.08pt x 578.16pt>
File: tables_figures/SI_figures/recruitment_years/Recrutement_years_ScottyCreek
.png Graphic file (type png)
<use tables_figures/SI_figures/recruitment_years/Recrutement_years_ScottyCreek.
png>
Package pdftex.def Info: tables_figures/SI_figures/recruitment_years/Recrutemen
t_years_ScottyCreek.png  used on input line 1315.
(pdftex.def)             Requested size: 220.78377pt x 441.56755pt.
[29 <./tables_figures/SI_figures/recruitment_years/Recrutement_years_ScottyCree
k.png>]
<tables_figures/SI_figures/traditional_comparison/climwin_vs_dcc_SCBI_LITU_pre.
png, id=381, 578.16pt x 289.08pt>
File: tables_figures/SI_figures/traditional_comparison/climwin_vs_dcc_SCBI_LITU
_pre.png Graphic file (type png)
<use tables_figures/SI_figures/traditional_comparison/climwin_vs_dcc_SCBI_LITU_
pre.png>
Package pdftex.def Info: tables_figures/SI_figures/traditional_comparison/climw
in_vs_dcc_SCBI_LITU_pre.png  used on input line 1334.
(pdftex.def)             Requested size: 446.26086pt x 223.13042pt.
<tables_figures/SI_figures/traditional_comparison/climwin_vs_dcc_SCBI_LITU_pet.
png, id=382, 578.16pt x 289.08pt>
File: tables_figures/SI_figures/traditional_comparison/climwin_vs_dcc_SCBI_LITU
_pet.png Graphic file (type png)
<use tables_figures/SI_figures/traditional_comparison/climwin_vs_dcc_SCBI_LITU_
pet.png>
Package pdftex.def Info: tables_figures/SI_figures/traditional_comparison/climw
in_vs_dcc_SCBI_LITU_pet.png  used on input line 1338.
(pdftex.def)             Requested size: 446.26086pt x 223.13042pt.
[30 <./tables_figures/SI_figures/traditional_comparison/climwin_vs_dcc_SCBI_LIT
U_pre.png> <./tables_figures/SI_figures/traditional_comparison/climwin_vs_dcc_S
CBI_LITU_pet.png>]
<tables_figures/SI_figures/traditional_comparison/climwin_vs_dcc_Zofin_ABAL_wet
.png, id=391, 578.16pt x 289.08pt>
File: tables_figures/SI_figures/traditional_comparison/climwin_vs_dcc_Zofin_ABA
L_wet.png Graphic file (type png)
<use tables_figures/SI_figures/traditional_comparison/climwin_vs_dcc_Zofin_ABAL
_wet.png>
Package pdftex.def Info: tables_figures/SI_figures/traditional_comparison/climw
in_vs_dcc_Zofin_ABAL_wet.png  used on input line 1365.
(pdftex.def)             Requested size: 446.26086pt x 223.13042pt.
<tables_figures/SI_figures/traditional_comparison/climwin_vs_dcc_Zofin_ABAL_tmx
.png, id=392, 578.16pt x 289.08pt>
File: tables_figures/SI_figures/traditional_comparison/climwin_vs_dcc_Zofin_ABA
L_tmx.png Graphic file (type png)
<use tables_figures/SI_figures/traditional_comparison/climwin_vs_dcc_Zofin_ABAL
_tmx.png>
Package pdftex.def Info: tables_figures/SI_figures/traditional_comparison/climw
in_vs_dcc_Zofin_ABAL_tmx.png  used on input line 1369.
(pdftex.def)             Requested size: 446.26086pt x 223.13042pt.
[31 <./tables_figures/SI_figures/traditional_comparison/climwin_vs_dcc_Zofin_AB
AL_wet.png> <./tables_figures/SI_figures/traditional_comparison/climwin_vs_dcc_
Zofin_ABAL_tmx.png>]
<tables_figures/SI_figures/traditional_comparison/climwin_vs_dcc_CedarBreaks_PS
ME_pre.png, id=401, 578.16pt x 289.08pt>
File: tables_figures/SI_figures/traditional_comparison/climwin_vs_dcc_CedarBrea
ks_PSME_pre.png Graphic file (type png)
<use tables_figures/SI_figures/traditional_comparison/climwin_vs_dcc_CedarBreak
s_PSME_pre.png>
Package pdftex.def Info: tables_figures/SI_figures/traditional_comparison/climw
in_vs_dcc_CedarBreaks_PSME_pre.png  used on input line 1397.
(pdftex.def)             Requested size: 446.26086pt x 223.13042pt.
<tables_figures/SI_figures/traditional_comparison/climwin_vs_dcc_CedarBreaks_PS
ME_tmx.png, id=402, 578.16pt x 289.08pt>
File: tables_figures/SI_figures/traditional_comparison/climwin_vs_dcc_CedarBrea
ks_PSME_tmx.png Graphic file (type png)
<use tables_figures/SI_figures/traditional_comparison/climwin_vs_dcc_CedarBreak
s_PSME_tmx.png>
Package pdftex.def Info: tables_figures/SI_figures/traditional_comparison/climw
in_vs_dcc_CedarBreaks_PSME_tmx.png  used on input line 1401.
(pdftex.def)             Requested size: 446.26086pt x 223.13042pt.
[32 <./tables_figures/SI_figures/traditional_comparison/climwin_vs_dcc_CedarBre
aks_PSME_pre.png> <./tables_figures/SI_figures/traditional_comparison/climwin_v
s_dcc_CedarBreaks_PSME_tmx.png>]
<tables_figures/SI_figures/traditional_comparison/climwin_vs_dcc_ScottyCreek_PI
MA_pre.png, id=410, 578.16pt x 289.08pt>
File: tables_figures/SI_figures/traditional_comparison/climwin_vs_dcc_ScottyCre
ek_PIMA_pre.png Graphic file (type png)
<use tables_figures/SI_figures/traditional_comparison/climwin_vs_dcc_ScottyCree
k_PIMA_pre.png>
Package pdftex.def Info: tables_figures/SI_figures/traditional_comparison/climw
in_vs_dcc_ScottyCreek_PIMA_pre.png  used on input line 1429.
(pdftex.def)             Requested size: 446.26086pt x 223.13042pt.
<tables_figures/SI_figures/traditional_comparison/climwin_vs_dcc_ScottyCreek_PI
MA_tmx.png, id=411, 578.16pt x 289.08pt>
File: tables_figures/SI_figures/traditional_comparison/climwin_vs_dcc_ScottyCre
ek_PIMA_tmx.png Graphic file (type png)
<use tables_figures/SI_figures/traditional_comparison/climwin_vs_dcc_ScottyCree
k_PIMA_tmx.png>
Package pdftex.def Info: tables_figures/SI_figures/traditional_comparison/climw
in_vs_dcc_ScottyCreek_PIMA_tmx.png  used on input line 1433.
(pdftex.def)             Requested size: 446.26086pt x 223.13042pt.
[33 <./tables_figures/SI_figures/traditional_comparison/climwin_vs_dcc_ScottyCr
eek_PIMA_pre.png> <./tables_figures/SI_figures/traditional_comparison/climwin_v
s_dcc_ScottyCreek_PIMA_tmx.png>]
<tables_figures/SI_figures/climwin_plots_combined/BCI_pre.png, id=419, 722.7pt 
x 578.16pt>
File: tables_figures/SI_figures/climwin_plots_combined/BCI_pre.png Graphic file
 (type png)
<use tables_figures/SI_figures/climwin_plots_combined/BCI_pre.png>
Package pdftex.def Info: tables_figures/SI_figures/climwin_plots_combined/BCI_p
re.png  used on input line 1457.
(pdftex.def)             Requested size: 469.76045pt x 375.80836pt.
[34 <./tables_figures/SI_figures/climwin_plots_combined/BCI_pre.png (PNG copy)>
]
<tables_figures/SI_figures/climwin_plots_combined/BCI_tmn.png, id=425, 722.7pt 
x 578.16pt>
File: tables_figures/SI_figures/climwin_plots_combined/BCI_tmn.png Graphic file
 (type png)
<use tables_figures/SI_figures/climwin_plots_combined/BCI_tmn.png>
Package pdftex.def Info: tables_figures/SI_figures/climwin_plots_combined/BCI_t
mn.png  used on input line 1478.
(pdftex.def)             Requested size: 469.76045pt x 375.80836pt.
[35 <./tables_figures/SI_figures/climwin_plots_combined/BCI_tmn.png (PNG copy)>
]
<tables_figures/SI_figures/climwin_plots_combined/HKK_wet.png, id=431, 722.7pt 
x 578.16pt>
File: tables_figures/SI_figures/climwin_plots_combined/HKK_wet.png Graphic file
 (type png)
<use tables_figures/SI_figures/climwin_plots_combined/HKK_wet.png>
Package pdftex.def Info: tables_figures/SI_figures/climwin_plots_combined/HKK_w
et.png  used on input line 1499.
(pdftex.def)             Requested size: 469.76045pt x 375.80836pt.
[36 <./tables_figures/SI_figures/climwin_plots_combined/HKK_wet.png (PNG copy)>
]
<tables_figures/SI_figures/climwin_plots_combined/HKK_tmp_tmx.png, id=437, 722.
7pt x 578.16pt>
File: tables_figures/SI_figures/climwin_plots_combined/HKK_tmp_tmx.png Graphic 
file (type png)
<use tables_figures/SI_figures/climwin_plots_combined/HKK_tmp_tmx.png>
Package pdftex.def Info: tables_figures/SI_figures/climwin_plots_combined/HKK_t
mp_tmx.png  used on input line 1520.
(pdftex.def)             Requested size: 469.76045pt x 375.80836pt.
[37 <./tables_figures/SI_figures/climwin_plots_combined/HKK_tmp_tmx.png (PNG co
py)>]
<tables_figures/SI_figures/climwin_plots_combined/SCBI_pre.png, id=444, 722.7pt
 x 578.16pt>
File: tables_figures/SI_figures/climwin_plots_combined/SCBI_pre.png Graphic fil
e (type png)
<use tables_figures/SI_figures/climwin_plots_combined/SCBI_pre.png>
Package pdftex.def Info: tables_figures/SI_figures/climwin_plots_combined/SCBI_
pre.png  used on input line 1541.
(pdftex.def)             Requested size: 469.76045pt x 375.80836pt.
[38 <./tables_figures/SI_figures/climwin_plots_combined/SCBI_pre.png (PNG copy)
>]
<tables_figures/SI_figures/climwin_plots_combined/SCBI_pet.png, id=450, 722.7pt
 x 578.16pt>
File: tables_figures/SI_figures/climwin_plots_combined/SCBI_pet.png Graphic fil
e (type png)
<use tables_figures/SI_figures/climwin_plots_combined/SCBI_pet.png>
Package pdftex.def Info: tables_figures/SI_figures/climwin_plots_combined/SCBI_
pet.png  used on input line 1562.
(pdftex.def)             Requested size: 469.76045pt x 375.80836pt.
[39 <./tables_figures/SI_figures/climwin_plots_combined/SCBI_pet.png (PNG copy)
>]
<tables_figures/SI_figures/climwin_plots_combined/LillyDickey_pre.png, id=456, 
722.7pt x 578.16pt>
File: tables_figures/SI_figures/climwin_plots_combined/LillyDickey_pre.png Grap
hic file (type png)
<use tables_figures/SI_figures/climwin_plots_combined/LillyDickey_pre.png>
Package pdftex.def Info: tables_figures/SI_figures/climwin_plots_combined/Lilly
Dickey_pre.png  used on input line 1583.
(pdftex.def)             Requested size: 469.76045pt x 375.80836pt.
[40 <./tables_figures/SI_figures/climwin_plots_combined/LillyDickey_pre.png (PN
G copy)>]
<tables_figures/SI_figures/climwin_plots_combined/LillyDickey_pet.png, id=463, 
722.7pt x 578.16pt>
File: tables_figures/SI_figures/climwin_plots_combined/LillyDickey_pet.png Grap
hic file (type png)
<use tables_figures/SI_figures/climwin_plots_combined/LillyDickey_pet.png>
Package pdftex.def Info: tables_figures/SI_figures/climwin_plots_combined/Lilly
Dickey_pet.png  used on input line 1604.
(pdftex.def)             Requested size: 469.76045pt x 375.80836pt.
[41 <./tables_figures/SI_figures/climwin_plots_combined/LillyDickey_pet.png (PN
G copy)>]
<tables_figures/SI_figures/climwin_plots_combined/HarvardForest_pre_wet.png, id
=469, 722.7pt x 578.16pt>
File: tables_figures/SI_figures/climwin_plots_combined/HarvardForest_pre_wet.pn
g Graphic file (type png)
<use tables_figures/SI_figures/climwin_plots_combined/HarvardForest_pre_wet.png
>
Package pdftex.def Info: tables_figures/SI_figures/climwin_plots_combined/Harva
rdForest_pre_wet.png  used on input line 1625.
(pdftex.def)             Requested size: 469.76045pt x 375.80836pt.
[42 <./tables_figures/SI_figures/climwin_plots_combined/HarvardForest_pre_wet.p
ng (PNG copy)>]
<tables_figures/SI_figures/climwin_plots_combined/HarvardForest_pet.png, id=475
, 722.7pt x 578.16pt>
File: tables_figures/SI_figures/climwin_plots_combined/HarvardForest_pet.png Gr
aphic file (type png)
<use tables_figures/SI_figures/climwin_plots_combined/HarvardForest_pet.png>
Package pdftex.def Info: tables_figures/SI_figures/climwin_plots_combined/Harva
rdForest_pet.png  used on input line 1646.
(pdftex.def)             Requested size: 469.76045pt x 375.80836pt.
[43 <./tables_figures/SI_figures/climwin_plots_combined/HarvardForest_pet.png (
PNG copy)>]
<tables_figures/SI_figures/climwin_plots_combined/Zofin_wet.png, id=482, 722.7p
t x 578.16pt>
File: tables_figures/SI_figures/climwin_plots_combined/Zofin_wet.png Graphic fi
le (type png)
<use tables_figures/SI_figures/climwin_plots_combined/Zofin_wet.png>
Package pdftex.def Info: tables_figures/SI_figures/climwin_plots_combined/Zofin
_wet.png  used on input line 1667.
(pdftex.def)             Requested size: 469.76045pt x 375.80836pt.
[44 <./tables_figures/SI_figures/climwin_plots_combined/Zofin_wet.png (PNG copy
)>]
<tables_figures/SI_figures/climwin_plots_combined/Zofin_tmx.png, id=488, 722.7p
t x 578.16pt>
File: tables_figures/SI_figures/climwin_plots_combined/Zofin_tmx.png Graphic fi
le (type png)
<use tables_figures/SI_figures/climwin_plots_combined/Zofin_tmx.png>
Package pdftex.def Info: tables_figures/SI_figures/climwin_plots_combined/Zofin
_tmx.png  used on input line 1688.
(pdftex.def)             Requested size: 469.76045pt x 375.80836pt.
[45 <./tables_figures/SI_figures/climwin_plots_combined/Zofin_tmx.png (PNG copy
)>]
<tables_figures/SI_figures/climwin_plots_combined/Niobara_pre.png, id=494, 722.
7pt x 578.16pt>
File: tables_figures/SI_figures/climwin_plots_combined/Niobara_pre.png Graphic 
file (type png)
<use tables_figures/SI_figures/climwin_plots_combined/Niobara_pre.png>
Package pdftex.def Info: tables_figures/SI_figures/climwin_plots_combined/Nioba
ra_pre.png  used on input line 1709.
(pdftex.def)             Requested size: 469.76045pt x 375.80836pt.
[46 <./tables_figures/SI_figures/climwin_plots_combined/Niobara_pre.png (PNG co
py)>]
<tables_figures/SI_figures/climwin_plots_combined/Niobara_tmx.png, id=500, 722.
7pt x 578.16pt>
File: tables_figures/SI_figures/climwin_plots_combined/Niobara_tmx.png Graphic 
file (type png)
<use tables_figures/SI_figures/climwin_plots_combined/Niobara_tmx.png>
Package pdftex.def Info: tables_figures/SI_figures/climwin_plots_combined/Nioba
ra_tmx.png  used on input line 1730.
(pdftex.def)             Requested size: 469.76045pt x 375.80836pt.
[47 <./tables_figures/SI_figures/climwin_plots_combined/Niobara_tmx.png (PNG co
py)>]
<tables_figures/SI_figures/climwin_plots_combined/NewMexico_pre.png, id=506, 72
2.7pt x 578.16pt>
File: tables_figures/SI_figures/climwin_plots_combined/NewMexico_pre.png Graphi
c file (type png)
<use tables_figures/SI_figures/climwin_plots_combined/NewMexico_pre.png>
Package pdftex.def Info: tables_figures/SI_figures/climwin_plots_combined/NewMe
xico_pre.png  used on input line 1751.
(pdftex.def)             Requested size: 469.76045pt x 375.80836pt.
[48 <./tables_figures/SI_figures/climwin_plots_combined/NewMexico_pre.png (PNG 
copy)>]
<tables_figures/SI_figures/climwin_plots_combined/NewMexico_tmx.png, id=512, 72
2.7pt x 578.16pt>
File: tables_figures/SI_figures/climwin_plots_combined/NewMexico_tmx.png Graphi
c file (type png)
<use tables_figures/SI_figures/climwin_plots_combined/NewMexico_tmx.png>
Package pdftex.def Info: tables_figures/SI_figures/climwin_plots_combined/NewMe
xico_tmx.png  used on input line 1772.
(pdftex.def)             Requested size: 469.76045pt x 375.80836pt.
[49 <./tables_figures/SI_figures/climwin_plots_combined/NewMexico_tmx.png (PNG 
copy)>]
<tables_figures/SI_figures/climwin_plots_combined/CedarBreaks_pre.png, id=519, 
722.7pt x 578.16pt>
File: tables_figures/SI_figures/climwin_plots_combined/CedarBreaks_pre.png Grap
hic file (type png)
<use tables_figures/SI_figures/climwin_plots_combined/CedarBreaks_pre.png>
Package pdftex.def Info: tables_figures/SI_figures/climwin_plots_combined/Cedar
Breaks_pre.png  used on input line 1793.
(pdftex.def)             Requested size: 469.76045pt x 375.80836pt.
[50 <./tables_figures/SI_figures/climwin_plots_combined/CedarBreaks_pre.png (PN
G copy)>]
<tables_figures/SI_figures/climwin_plots_combined/CedarBreaks_tmx.png, id=525, 
722.7pt x 578.16pt>
File: tables_figures/SI_figures/climwin_plots_combined/CedarBreaks_tmx.png Grap
hic file (type png)
<use tables_figures/SI_figures/climwin_plots_combined/CedarBreaks_tmx.png>
Package pdftex.def Info: tables_figures/SI_figures/climwin_plots_combined/Cedar
Breaks_tmx.png  used on input line 1814.
(pdftex.def)             Requested size: 469.76045pt x 375.80836pt.
[51 <./tables_figures/SI_figures/climwin_plots_combined/CedarBreaks_tmx.png (PN
G copy)>]
<tables_figures/SI_figures/climwin_plots_combined/ScottyCreek_pre.png, id=531, 
722.7pt x 578.16pt>
File: tables_figures/SI_figures/climwin_plots_combined/ScottyCreek_pre.png Grap
hic file (type png)
<use tables_figures/SI_figures/climwin_plots_combined/ScottyCreek_pre.png>
Package pdftex.def Info: tables_figures/SI_figures/climwin_plots_combined/Scott
yCreek_pre.png  used on input line 1835.
(pdftex.def)             Requested size: 469.76045pt x 375.80836pt.
[52 <./tables_figures/SI_figures/climwin_plots_combined/ScottyCreek_pre.png (PN
G copy)>]
<tables_figures/SI_figures/climwin_plots_combined/ScottyCreek_tmx.png, id=537, 
722.7pt x 578.16pt>
File: tables_figures/SI_figures/climwin_plots_combined/ScottyCreek_tmx.png Grap
hic file (type png)
<use tables_figures/SI_figures/climwin_plots_combined/ScottyCreek_tmx.png>
Package pdftex.def Info: tables_figures/SI_figures/climwin_plots_combined/Scott
yCreek_tmx.png  used on input line 1856.
(pdftex.def)             Requested size: 469.76045pt x 375.80836pt.
[53 <./tables_figures/SI_figures/climwin_plots_combined/ScottyCreek_tmx.png (PN
G copy)>]
<tables_figures/SI_figures/composite_plots/BCI.png, id=543, 722.7pt x 722.7pt>
File: tables_figures/SI_figures/composite_plots/BCI.png Graphic file (type png)

<use tables_figures/SI_figures/composite_plots/BCI.png>
Package pdftex.def Info: tables_figures/SI_figures/composite_plots/BCI.png  use
d on input line 1879.
(pdftex.def)             Requested size: 422.77228pt x 422.77228pt.
[54 <./tables_figures/SI_figures/composite_plots/BCI.png>]
<tables_figures/SI_figures/composite_plots/BCI_with_Year.png, id=552, 722.7pt x
 722.7pt>
File: tables_figures/SI_figures/composite_plots/BCI_with_Year.png Graphic file 
(type png)
<use tables_figures/SI_figures/composite_plots/BCI_with_Year.png>
Package pdftex.def Info: tables_figures/SI_figures/composite_plots/BCI_with_Yea
r.png  used on input line 1905.
(pdftex.def)             Requested size: 422.77228pt x 422.77228pt.
[55 <./tables_figures/SI_figures/composite_plots/BCI_with_Year.png>]
<tables_figures/SI_figures/composite_plots/HKK.png, id=561, 722.7pt x 722.7pt>
File: tables_figures/SI_figures/composite_plots/HKK.png Graphic file (type png)

<use tables_figures/SI_figures/composite_plots/HKK.png>
Package pdftex.def Info: tables_figures/SI_figures/composite_plots/HKK.png  use
d on input line 1930.
(pdftex.def)             Requested size: 422.77228pt x 422.77228pt.
[56 <./tables_figures/SI_figures/composite_plots/HKK.png>]
<tables_figures/SI_figures/composite_plots/HKK_with_Year.png, id=569, 722.7pt x
 722.7pt>
File: tables_figures/SI_figures/composite_plots/HKK_with_Year.png Graphic file 
(type png)
<use tables_figures/SI_figures/composite_plots/HKK_with_Year.png>
Package pdftex.def Info: tables_figures/SI_figures/composite_plots/HKK_with_Yea
r.png  used on input line 1956.
(pdftex.def)             Requested size: 422.77228pt x 422.77228pt.
[57 <./tables_figures/SI_figures/composite_plots/HKK_with_Year.png>]
<tables_figures/SI_figures/composite_plots/SCBI.png, id=577, 722.7pt x 722.7pt>

File: tables_figures/SI_figures/composite_plots/SCBI.png Graphic file (type png
)
<use tables_figures/SI_figures/composite_plots/SCBI.png>
Package pdftex.def Info: tables_figures/SI_figures/composite_plots/SCBI.png  us
ed on input line 1981.
(pdftex.def)             Requested size: 422.77228pt x 422.77228pt.
[58 <./tables_figures/SI_figures/composite_plots/SCBI.png (PNG copy)>]
<tables_figures/SI_figures/composite_plots/SCBI_with_Year.png, id=584, 722.7pt 
x 722.7pt>
File: tables_figures/SI_figures/composite_plots/SCBI_with_Year.png Graphic file
 (type png)
<use tables_figures/SI_figures/composite_plots/SCBI_with_Year.png>
Package pdftex.def Info: tables_figures/SI_figures/composite_plots/SCBI_with_Ye
ar.png  used on input line 2007.
(pdftex.def)             Requested size: 422.77228pt x 422.77228pt.
[59 <./tables_figures/SI_figures/composite_plots/SCBI_with_Year.png (PNG copy)>
]
<tables_figures/SI_figures/composite_plots/LillyDickey.png, id=592, 722.7pt x 7
22.7pt>
File: tables_figures/SI_figures/composite_plots/LillyDickey.png Graphic file (t
ype png)
<use tables_figures/SI_figures/composite_plots/LillyDickey.png>
Package pdftex.def Info: tables_figures/SI_figures/composite_plots/LillyDickey.
png  used on input line 2032.
(pdftex.def)             Requested size: 422.77228pt x 422.77228pt.
[60 <./tables_figures/SI_figures/composite_plots/LillyDickey.png>]
<tables_figures/SI_figures/composite_plots/LillyDickey_with_Year.png, id=600, 7
22.7pt x 722.7pt>
File: tables_figures/SI_figures/composite_plots/LillyDickey_with_Year.png Graph
ic file (type png)
<use tables_figures/SI_figures/composite_plots/LillyDickey_with_Year.png>
Package pdftex.def Info: tables_figures/SI_figures/composite_plots/LillyDickey_
with_Year.png  used on input line 2058.
(pdftex.def)             Requested size: 422.77228pt x 422.77228pt.
[61 <./tables_figures/SI_figures/composite_plots/LillyDickey_with_Year.png>]
<tables_figures/SI_figures/composite_plots/HarvardForest.png, id=609, 722.7pt x
 722.7pt>
File: tables_figures/SI_figures/composite_plots/HarvardForest.png Graphic file 
(type png)
<use tables_figures/SI_figures/composite_plots/HarvardForest.png>
Package pdftex.def Info: tables_figures/SI_figures/composite_plots/HarvardFores
t.png  used on input line 2083.
(pdftex.def)             Requested size: 422.77228pt x 422.77228pt.
[62 <./tables_figures/SI_figures/composite_plots/HarvardForest.png>]
<tables_figures/SI_figures/composite_plots/HarvardForest_with_Year.png, id=617,
 722.7pt x 722.7pt>
File: tables_figures/SI_figures/composite_plots/HarvardForest_with_Year.png Gra
phic file (type png)
<use tables_figures/SI_figures/composite_plots/HarvardForest_with_Year.png>
Package pdftex.def Info: tables_figures/SI_figures/composite_plots/HarvardFores
t_with_Year.png  used on input line 2109.
(pdftex.def)             Requested size: 422.77228pt x 422.77228pt.
[63 <./tables_figures/SI_figures/composite_plots/HarvardForest_with_Year.png>]
<tables_figures/SI_figures/composite_plots/Zofin.png, id=625, 722.7pt x 722.7pt
>
File: tables_figures/SI_figures/composite_plots/Zofin.png Graphic file (type pn
g)
<use tables_figures/SI_figures/composite_plots/Zofin.png>
Package pdftex.def Info: tables_figures/SI_figures/composite_plots/Zofin.png  u
sed on input line 2134.
(pdftex.def)             Requested size: 422.77228pt x 422.77228pt.
[64 <./tables_figures/SI_figures/composite_plots/Zofin.png>]
<tables_figures/SI_figures/composite_plots/Zofin_with_Year.png, id=633, 722.7pt
 x 722.7pt>
File: tables_figures/SI_figures/composite_plots/Zofin_with_Year.png Graphic fil
e (type png)
<use tables_figures/SI_figures/composite_plots/Zofin_with_Year.png>
Package pdftex.def Info: tables_figures/SI_figures/composite_plots/Zofin_with_Y
ear.png  used on input line 2160.
(pdftex.def)             Requested size: 422.77228pt x 422.77228pt.
[65 <./tables_figures/SI_figures/composite_plots/Zofin_with_Year.png>]
<tables_figures/SI_figures/composite_plots/Niobara.png, id=641, 722.7pt x 722.7
pt>
File: tables_figures/SI_figures/composite_plots/Niobara.png Graphic file (type 
png)
<use tables_figures/SI_figures/composite_plots/Niobara.png>
Package pdftex.def Info: tables_figures/SI_figures/composite_plots/Niobara.png 
 used on input line 2185.
(pdftex.def)             Requested size: 422.77228pt x 422.77228pt.
[66 <./tables_figures/SI_figures/composite_plots/Niobara.png>]
<tables_figures/SI_figures/composite_plots/Niobara_with_Year.png, id=649, 722.7
pt x 722.7pt>
File: tables_figures/SI_figures/composite_plots/Niobara_with_Year.png Graphic f
ile (type png)
<use tables_figures/SI_figures/composite_plots/Niobara_with_Year.png>
Package pdftex.def Info: tables_figures/SI_figures/composite_plots/Niobara_with
_Year.png  used on input line 2211.
(pdftex.def)             Requested size: 422.77228pt x 422.77228pt.
[67 <./tables_figures/SI_figures/composite_plots/Niobara_with_Year.png>]
<tables_figures/SI_figures/composite_plots/NewMexico.png, id=658, 722.7pt x 722
.7pt>
File: tables_figures/SI_figures/composite_plots/NewMexico.png Graphic file (typ
e png)
<use tables_figures/SI_figures/composite_plots/NewMexico.png>
Package pdftex.def Info: tables_figures/SI_figures/composite_plots/NewMexico.pn
g  used on input line 2236.
(pdftex.def)             Requested size: 422.77228pt x 422.77228pt.
[68 <./tables_figures/SI_figures/composite_plots/NewMexico.png>]
<tables_figures/SI_figures/composite_plots/NewMexico_with_Year.png, id=666, 722
.7pt x 722.7pt>
File: tables_figures/SI_figures/composite_plots/NewMexico_with_Year.png Graphic
 file (type png)
<use tables_figures/SI_figures/composite_plots/NewMexico_with_Year.png>
Package pdftex.def Info: tables_figures/SI_figures/composite_plots/NewMexico_wi
th_Year.png  used on input line 2262.
(pdftex.def)             Requested size: 422.77228pt x 422.77228pt.
[69 <./tables_figures/SI_figures/composite_plots/NewMexico_with_Year.png>]
<tables_figures/SI_figures/composite_plots/CedarBreaks.png, id=674, 722.7pt x 7
22.7pt>
File: tables_figures/SI_figures/composite_plots/CedarBreaks.png Graphic file (t
ype png)
<use tables_figures/SI_figures/composite_plots/CedarBreaks.png>
Package pdftex.def Info: tables_figures/SI_figures/composite_plots/CedarBreaks.
png  used on input line 2287.
(pdftex.def)             Requested size: 422.77228pt x 422.77228pt.
[70 <./tables_figures/SI_figures/composite_plots/CedarBreaks.png (PNG copy)>]
<tables_figures/SI_figures/composite_plots/CedarBreaks_with_Year.png, id=681, 7
22.7pt x 722.7pt>
File: tables_figures/SI_figures/composite_plots/CedarBreaks_with_Year.png Graph
ic file (type png)
<use tables_figures/SI_figures/composite_plots/CedarBreaks_with_Year.png>
Package pdftex.def Info: tables_figures/SI_figures/composite_plots/CedarBreaks_
with_Year.png  used on input line 2313.
(pdftex.def)             Requested size: 422.77228pt x 422.77228pt.
[71 <./tables_figures/SI_figures/composite_plots/CedarBreaks_with_Year.png (PNG
 copy)>]
<tables_figures/SI_figures/composite_plots/ScottyCreek.png, id=688, 722.7pt x 7
22.7pt>
File: tables_figures/SI_figures/composite_plots/ScottyCreek.png Graphic file (t
ype png)
<use tables_figures/SI_figures/composite_plots/ScottyCreek.png>
Package pdftex.def Info: tables_figures/SI_figures/composite_plots/ScottyCreek.
png  used on input line 2338.
(pdftex.def)             Requested size: 422.77228pt x 422.77228pt.
[72 <./tables_figures/SI_figures/composite_plots/ScottyCreek.png>]
<tables_figures/SI_figures/composite_plots/ScottyCreek_with_Year.png, id=696, 7
22.7pt x 722.7pt>
File: tables_figures/SI_figures/composite_plots/ScottyCreek_with_Year.png Graph
ic file (type png)
<use tables_figures/SI_figures/composite_plots/ScottyCreek_with_Year.png>
Package pdftex.def Info: tables_figures/SI_figures/composite_plots/ScottyCreek_
with_Year.png  used on input line 2364.
(pdftex.def)             Requested size: 422.77228pt x 422.77228pt.
[73 <./tables_figures/SI_figures/composite_plots/ScottyCreek_with_Year.png>]
<tables_figures/SI_figures/GLS_pre1970_ScottyCreek.png, id=705, 722.7pt x 578.1
6pt>
File: tables_figures/SI_figures/GLS_pre1970_ScottyCreek.png Graphic file (type 
png)
<use tables_figures/SI_figures/GLS_pre1970_ScottyCreek.png>
Package pdftex.def Info: tables_figures/SI_figures/GLS_pre1970_ScottyCreek.png 
 used on input line 2391.
(pdftex.def)             Requested size: 267.75871pt x 214.20697pt.
LaTeX Font Info:    Trying to load font information for T1+lmtt on input line 2
392.
(/usr/local/texlive/2020/texmf-dist/tex/latex/lm/t1lmtt.fd
File: t1lmtt.fd 2009/10/30 v1.6 Font defs for Latin Modern
)
<tables_figures/SI_figures/GLS_post1970_ScottyCreek.png, id=706, 722.7pt x 578.
16pt>
File: tables_figures/SI_figures/GLS_post1970_ScottyCreek.png Graphic file (type
 png)
<use tables_figures/SI_figures/GLS_post1970_ScottyCreek.png>
Package pdftex.def Info: tables_figures/SI_figures/GLS_post1970_ScottyCreek.png
  used on input line 2399.
(pdftex.def)             Requested size: 267.75871pt x 214.20697pt.
[74 <./tables_figures/SI_figures/GLS_pre1970_ScottyCreek.png>]
<tables_figures/pre_temp_groups_dbh_interactions_log_core_measurement_dbh.png, 
id=715, 592.614pt x 592.614pt>
File: tables_figures/pre_temp_groups_dbh_interactions_log_core_measurement_dbh.
png Graphic file (type png)
<use tables_figures/pre_temp_groups_dbh_interactions_log_core_measurement_dbh.p
ng>
Package pdftex.def Info: tables_figures/pre_temp_groups_dbh_interactions_log_co
re_measurement_dbh.png  used on input line 2422.
(pdftex.def)             Requested size: 422.78441pt x 422.78441pt.
[75 <./tables_figures/SI_figures/GLS_post1970_ScottyCreek.png>] [76 <./tables_f
igures/pre_temp_groups_dbh_interactions_log_core_measurement_dbh.png (PNG copy)
>]
<tables_figures/pre_temp_groups_dbh_interactions_log_BAI_dbh.png, id=731, 592.6
14pt x 592.614pt>
File: tables_figures/pre_temp_groups_dbh_interactions_log_BAI_dbh.png Graphic f
ile (type png)
<use tables_figures/pre_temp_groups_dbh_interactions_log_BAI_dbh.png>
Package pdftex.def Info: tables_figures/pre_temp_groups_dbh_interactions_log_BA
I_dbh.png  used on input line 2440.
(pdftex.def)             Requested size: 422.78441pt x 422.78441pt.
[77 <./tables_figures/pre_temp_groups_dbh_interactions_log_BAI_dbh.png (PNG cop
y)>]
<tables_figures/SI_figures/decadal_plots/BCI.png, id=738, 1084.05pt x 404.712pt
>
File: tables_figures/SI_figures/decadal_plots/BCI.png Graphic file (type png)
<use tables_figures/SI_figures/decadal_plots/BCI.png>
Package pdftex.def Info: tables_figures/SI_figures/decadal_plots/BCI.png  used 
on input line 2458.
(pdftex.def)             Requested size: 469.75496pt x 175.37518pt.
[78 <./tables_figures/SI_figures/decadal_plots/BCI.png>]
<tables_figures/SI_figures/decadal_plots/HKK.png, id=746, 1084.05pt x 404.712pt
>
File: tables_figures/SI_figures/decadal_plots/HKK.png Graphic file (type png)
<use tables_figures/SI_figures/decadal_plots/HKK.png>
Package pdftex.def Info: tables_figures/SI_figures/decadal_plots/HKK.png  used 
on input line 2474.
(pdftex.def)             Requested size: 469.75496pt x 175.37518pt.
[79 <./tables_figures/SI_figures/decadal_plots/HKK.png>]
<tables_figures/SI_figures/decadal_plots/SCBI.png, id=755, 1084.05pt x 1084.05p
t>
File: tables_figures/SI_figures/decadal_plots/SCBI.png Graphic file (type png)
<use tables_figures/SI_figures/decadal_plots/SCBI.png>
Package pdftex.def Info: tables_figures/SI_figures/decadal_plots/SCBI.png  used
 on input line 2490.
(pdftex.def)             Requested size: 469.75496pt x 469.75496pt.
[80 <./tables_figures/SI_figures/decadal_plots/SCBI.png>]
<tables_figures/SI_figures/decadal_plots/LD.png, id=763, 1084.05pt x 404.712pt>

File: tables_figures/SI_figures/decadal_plots/LD.png Graphic file (type png)
<use tables_figures/SI_figures/decadal_plots/LD.png>
Package pdftex.def Info: tables_figures/SI_figures/decadal_plots/LD.png  used o
n input line 2506.
(pdftex.def)             Requested size: 469.75496pt x 175.37518pt.
[81 <./tables_figures/SI_figures/decadal_plots/LD.png>]
<tables_figures/SI_figures/decadal_plots/HF.png, id=771, 1084.05pt x 404.712pt>

File: tables_figures/SI_figures/decadal_plots/HF.png Graphic file (type png)
<use tables_figures/SI_figures/decadal_plots/HF.png>
Package pdftex.def Info: tables_figures/SI_figures/decadal_plots/HF.png  used o
n input line 2522.
(pdftex.def)             Requested size: 469.75496pt x 175.37518pt.
[82 <./tables_figures/SI_figures/decadal_plots/HF.png>]
<tables_figures/SI_figures/decadal_plots/ZN.png, id=779, 1084.05pt x 404.712pt>

File: tables_figures/SI_figures/decadal_plots/ZN.png Graphic file (type png)
<use tables_figures/SI_figures/decadal_plots/ZN.png>
Package pdftex.def Info: tables_figures/SI_figures/decadal_plots/ZN.png  used o
n input line 2538.
(pdftex.def)             Requested size: 469.75496pt x 175.37518pt.
[83 <./tables_figures/SI_figures/decadal_plots/ZN.png>]
LaTeX Font Info:    Trying to load font information for TS1+lmtt on input line 
2554.
(/usr/local/texlive/2020/texmf-dist/tex/latex/lm/ts1lmtt.fd
File: ts1lmtt.fd 2009/10/30 v1.6 Font defs for Latin Modern
) [84]
<tables_figures/SI_figures/decadal_plots/NM.png, id=794, 1084.05pt x 404.712pt>

File: tables_figures/SI_figures/decadal_plots/NM.png Graphic file (type png)
<use tables_figures/SI_figures/decadal_plots/NM.png>
Package pdftex.def Info: tables_figures/SI_figures/decadal_plots/NM.png  used o
n input line 2567.
(pdftex.def)             Requested size: 469.75496pt x 175.37518pt.
[85 <./tables_figures/SI_figures/decadal_plots/NM.png>]
<tables_figures/SI_figures/decadal_plots/CB.png, id=803, 1084.05pt x 794.97pt>
File: tables_figures/SI_figures/decadal_plots/CB.png Graphic file (type png)
<use tables_figures/SI_figures/decadal_plots/CB.png>
Package pdftex.def Info: tables_figures/SI_figures/decadal_plots/CB.png  used o
n input line 2583.
(pdftex.def)             Requested size: 469.75496pt x 344.48697pt.
[86 <./tables_figures/SI_figures/decadal_plots/CB.png>]
<tables_figures/SI_figures/decadal_plots/SC.png, id=811, 1084.05pt x 404.712pt>

File: tables_figures/SI_figures/decadal_plots/SC.png Graphic file (type png)
<use tables_figures/SI_figures/decadal_plots/SC.png>
Package pdftex.def Info: tables_figures/SI_figures/decadal_plots/SC.png  used o
n input line 2599.
(pdftex.def)             Requested size: 469.75496pt x 175.37518pt.
[87 <./tables_figures/SI_figures/decadal_plots/SC.png>] [88] [89]
Package atveryend Info: Empty hook `BeforeClearDocument' on input line 2896.
[90]
Package atveryend Info: Empty hook `AfterLastShipout' on input line 2896.
(./ForestGEO_treerings_SI.aux)
Package atveryend Info: Executing hook `AtVeryEndDocument' on input line 2896.
Package atveryend Info: Empty hook `AtEndAfterFileList' on input line 2896.
 ) 
Here is how much of TeX's memory you used:
 17231 strings out of 480608
 282857 string characters out of 5903631
 576658 words of memory out of 5000000
 32166 multiletter control sequences out of 15000+600000
 610861 words of font info for 177 fonts, out of 8000000 for 9000
 1141 hyphenation exceptions out of 8191
 41i,15n,44p,1584b,486s stack positions out of 5000i,500n,10000p,200000b,80000s
{/usr/local/texlive/2020/texmf-dist/fonts/enc/dvips/lm/lm-ts1.enc}{/usr/local
/texlive/2020/texmf-dist/fonts/enc/dvips/lm/lm-ec.enc}{/usr/local/texlive/2020/
texmf-dist/fonts/enc/dvips/lm/lm-mathit.enc}{/usr/local/texlive/2020/texmf-dist
/fonts/enc/dvips/lm/lm-rm.enc}{/usr/local/texlive/2020/texmf-dist/fonts/enc/dvi
ps/lm/lm-mathex.enc}{/usr/local/texlive/2020/texmf-dist/fonts/enc/dvips/lm/lm-m
athsy.enc}</usr/local/texlive/2020/texmf-dist/fonts/type1/public/lm/lmbx10.pfb>
</usr/local/texlive/2020/texmf-dist/fonts/type1/public/lm/lmbx12.pfb></usr/loca
l/texlive/2020/texmf-dist/fonts/type1/public/lm/lmbx7.pfb></usr/local/texlive/2
020/texmf-dist/fonts/type1/public/lm/lmbxi10.pfb></usr/local/texlive/2020/texmf
-dist/fonts/type1/public/lm/lmex10.pfb></usr/local/texlive/2020/texmf-dist/font
s/type1/public/lm/lmmi10.pfb></usr/local/texlive/2020/texmf-dist/fonts/type1/pu
blic/lm/lmmi12.pfb></usr/local/texlive/2020/texmf-dist/fonts/type1/public/lm/lm
mi5.pfb></usr/local/texlive/2020/texmf-dist/fonts/type1/public/lm/lmmi7.pfb></u
sr/local/texlive/2020/texmf-dist/fonts/type1/public/lm/lmmi8.pfb></usr/local/te
xlive/2020/texmf-dist/fonts/type1/public/lm/lmr10.pfb></usr/local/texlive/2020/
texmf-dist/fonts/type1/public/lm/lmr17.pfb></usr/local/texlive/2020/texmf-dist/
fonts/type1/public/lm/lmr7.pfb></usr/local/texlive/2020/texmf-dist/fonts/type1/
public/lm/lmr8.pfb></usr/local/texlive/2020/texmf-dist/fonts/type1/public/lm/lm
ri10.pfb></usr/local/texlive/2020/texmf-dist/fonts/type1/public/lm/lmri8.pfb></
usr/local/texlive/2020/texmf-dist/fonts/type1/public/lm/lmsy10.pfb></usr/local/
texlive/2020/texmf-dist/fonts/type1/public/lm/lmtt10.pfb></usr/local/texlive/20
20/texmf-dist/fonts/type1/public/lm/lmtt8.pfb>
Output written on ForestGEO_treerings_SI.pdf (90 pages, 28752775 bytes).
PDF statistics:
 1315 PDF objects out of 1440 (max. 8388607)
 1078 compressed objects within 11 object streams
 363 named destinations out of 1000 (max. 500000)
 17364 words of extra memory for PDF output out of 20736 (max. 10000000)

