This is pdfTeX, Version 3.14159265-2.6-1.40.20 (TeX Live 2019) (preloaded format=pdflatex 2019.5.8)  9 JAN 2021 08:50
entering extended mode
 restricted \write18 enabled.
 %&-line parsing enabled.
**MEE_manuscript_SI.tex
(./MEE_manuscript_SI.tex
LaTeX2e <2018-12-01>
(/usr/local/texlive/2019/texmf-dist/tex/latex/base/article.cls
Document Class: article 2018/09/03 v1.4i Standard LaTeX document class
(/usr/local/texlive/2019/texmf-dist/tex/latex/base/size10.clo
File: size10.clo 2018/09/03 v1.4i Standard LaTeX file (size option)
)
\c@part=\count80
\c@section=\count81
\c@subsection=\count82
\c@subsubsection=\count83
\c@paragraph=\count84
\c@subparagraph=\count85
\c@figure=\count86
\c@table=\count87
\abovecaptionskip=\skip41
\belowcaptionskip=\skip42
\bibindent=\dimen102
) (/usr/local/texlive/2019/texmf-dist/tex/latex/lm/lmodern.sty
Package: lmodern 2009/10/30 v1.6 Latin Modern Fonts
LaTeX Font Info:    Overwriting symbol font `operators' in version `normal'
(Font)                  OT1/cmr/m/n --> OT1/lmr/m/n on input line 22.
LaTeX Font Info:    Overwriting symbol font `letters' in version `normal'
(Font)                  OML/cmm/m/it --> OML/lmm/m/it on input line 23.
LaTeX Font Info:    Overwriting symbol font `symbols' in version `normal'
(Font)                  OMS/cmsy/m/n --> OMS/lmsy/m/n on input line 24.
LaTeX Font Info:    Overwriting symbol font `largesymbols' in version `normal'
(Font)                  OMX/cmex/m/n --> OMX/lmex/m/n on input line 25.
LaTeX Font Info:    Overwriting symbol font `operators' in version `bold'
(Font)                  OT1/cmr/bx/n --> OT1/lmr/bx/n on input line 26.
LaTeX Font Info:    Overwriting symbol font `letters' in version `bold'
(Font)                  OML/cmm/b/it --> OML/lmm/b/it on input line 27.
LaTeX Font Info:    Overwriting symbol font `symbols' in version `bold'
(Font)                  OMS/cmsy/b/n --> OMS/lmsy/b/n on input line 28.
LaTeX Font Info:    Overwriting symbol font `largesymbols' in version `bold'
(Font)                  OMX/cmex/m/n --> OMX/lmex/m/n on input line 29.
LaTeX Font Info:    Overwriting math alphabet `\mathbf' in version `normal'
(Font)                  OT1/cmr/bx/n --> OT1/lmr/bx/n on input line 31.
LaTeX Font Info:    Overwriting math alphabet `\mathsf' in version `normal'
(Font)                  OT1/cmss/m/n --> OT1/lmss/m/n on input line 32.
LaTeX Font Info:    Overwriting math alphabet `\mathit' in version `normal'
(Font)                  OT1/cmr/m/it --> OT1/lmr/m/it on input line 33.
LaTeX Font Info:    Overwriting math alphabet `\mathtt' in version `normal'
(Font)                  OT1/cmtt/m/n --> OT1/lmtt/m/n on input line 34.
LaTeX Font Info:    Overwriting math alphabet `\mathbf' in version `bold'
(Font)                  OT1/cmr/bx/n --> OT1/lmr/bx/n on input line 35.
LaTeX Font Info:    Overwriting math alphabet `\mathsf' in version `bold'
(Font)                  OT1/cmss/bx/n --> OT1/lmss/bx/n on input line 36.
LaTeX Font Info:    Overwriting math alphabet `\mathit' in version `bold'
(Font)                  OT1/cmr/bx/it --> OT1/lmr/bx/it on input line 37.
LaTeX Font Info:    Overwriting math alphabet `\mathtt' in version `bold'
(Font)                  OT1/cmtt/m/n --> OT1/lmtt/m/n on input line 38.
) (/usr/local/texlive/2019/texmf-dist/tex/latex/amsfonts/amssymb.sty
Package: amssymb 2013/01/14 v3.01 AMS font symbols
(/usr/local/texlive/2019/texmf-dist/tex/latex/amsfonts/amsfonts.sty
Package: amsfonts 2013/01/14 v3.01 Basic AMSFonts support
\@emptytoks=\toks14
\symAMSa=\mathgroup4
\symAMSb=\mathgroup5
LaTeX Font Info:    Overwriting math alphabet `\mathfrak' in version `bold'
(Font)                  U/euf/m/n --> U/euf/b/n on input line 106.
)) (/usr/local/texlive/2019/texmf-dist/tex/latex/amsmath/amsmath.sty
Package: amsmath 2018/12/01 v2.17b AMS math features
\@mathmargin=\skip43
For additional information on amsmath, use the `?' option.
(/usr/local/texlive/2019/texmf-dist/tex/latex/amsmath/amstext.sty
Package: amstext 2000/06/29 v2.01 AMS text
(/usr/local/texlive/2019/texmf-dist/tex/latex/amsmath/amsgen.sty
File: amsgen.sty 1999/11/30 v2.0 generic functions
\@emptytoks=\toks15
\ex@=\dimen103
)) (/usr/local/texlive/2019/texmf-dist/tex/latex/amsmath/amsbsy.sty
Package: amsbsy 1999/11/29 v1.2d Bold Symbols
\pmbraise@=\dimen104
) (/usr/local/texlive/2019/texmf-dist/tex/latex/amsmath/amsopn.sty
Package: amsopn 2016/03/08 v2.02 operator names
)
\inf@bad=\count88
LaTeX Info: Redefining \frac on input line 223.
\uproot@=\count89
\leftroot@=\count90
LaTeX Info: Redefining \overline on input line 385.
\classnum@=\count91
\DOTSCASE@=\count92
LaTeX Info: Redefining \ldots on input line 482.
LaTeX Info: Redefining \dots on input line 485.
LaTeX Info: Redefining \cdots on input line 606.
\Mathstrutbox@=\box27
\strutbox@=\box28
\big@size=\dimen105
LaTeX Font Info:    Redeclaring font encoding OML on input line 729.
LaTeX Font Info:    Redeclaring font encoding OMS on input line 730.
\macc@depth=\count93
\c@MaxMatrixCols=\count94
\dotsspace@=\muskip10
\c@parentequation=\count95
\dspbrk@lvl=\count96
\tag@help=\toks16
\row@=\count97
\column@=\count98
\maxfields@=\count99
\andhelp@=\toks17
\eqnshift@=\dimen106
\alignsep@=\dimen107
\tagshift@=\dimen108
\tagwidth@=\dimen109
\totwidth@=\dimen110
\lineht@=\dimen111
\@envbody=\toks18
\multlinegap=\skip44
\multlinetaggap=\skip45
\mathdisplay@stack=\toks19
LaTeX Info: Redefining \[ on input line 2844.
LaTeX Info: Redefining \] on input line 2845.
) (/usr/local/texlive/2019/texmf-dist/tex/generic/ifxetex/ifxetex.sty
Package: ifxetex 2010/09/12 v0.6 Provides ifxetex conditional
) (/usr/local/texlive/2019/texmf-dist/tex/generic/oberdiek/ifluatex.sty
Package: ifluatex 2016/05/16 v1.4 Provides the ifluatex switch (HO)
Package ifluatex Info: LuaTeX not detected.
) (/usr/local/texlive/2019/texmf-dist/tex/latex/base/fontenc.sty
Package: fontenc 2018/08/11 v2.0j Standard LaTeX package
(/usr/local/texlive/2019/texmf-dist/tex/latex/base/t1enc.def
File: t1enc.def 2018/08/11 v2.0j Standard LaTeX file
LaTeX Font Info:    Redeclaring font encoding T1 on input line 48.
)) (/usr/local/texlive/2019/texmf-dist/tex/latex/base/inputenc.sty
Package: inputenc 2018/08/11 v1.3c Input encoding file
\inpenc@prehook=\toks20
\inpenc@posthook=\toks21
) (/usr/local/texlive/2019/texmf-dist/tex/latex/base/textcomp.sty
Package: textcomp 2018/08/11 v2.0j Standard LaTeX package
Package textcomp Info: Sub-encoding information:
(textcomp)               5 = only ISO-Adobe without \textcurrency
(textcomp)               4 = 5 + \texteuro
(textcomp)               3 = 4 + \textohm
(textcomp)               2 = 3 + \textestimated + \textcurrency
(textcomp)               1 = TS1 - \textcircled - \t
(textcomp)               0 = TS1 (full)
(textcomp)             Font families with sub-encoding setting implement
(textcomp)             only a restricted character set as indicated.
(textcomp)             Family '?' is the default used for unknown fonts.
(textcomp)             See the documentation for details.
Package textcomp Info: Setting ? sub-encoding to TS1/1 on input line 79.
(/usr/local/texlive/2019/texmf-dist/tex/latex/base/ts1enc.def
File: ts1enc.def 2001/06/05 v3.0e (jk/car/fm) Standard LaTeX file
Now handling font encoding TS1 ...
... processing UTF-8 mapping file for font encoding TS1
(/usr/local/texlive/2019/texmf-dist/tex/latex/base/ts1enc.dfu
File: ts1enc.dfu 2018/10/05 v1.2f UTF-8 support for inputenc
   defining Unicode char U+00A2 (decimal 162)
   defining Unicode char U+00A3 (decimal 163)
   defining Unicode char U+00A4 (decimal 164)
   defining Unicode char U+00A5 (decimal 165)
   defining Unicode char U+00A6 (decimal 166)
   defining Unicode char U+00A7 (decimal 167)
   defining Unicode char U+00A8 (decimal 168)
   defining Unicode char U+00A9 (decimal 169)
   defining Unicode char U+00AA (decimal 170)
   defining Unicode char U+00AC (decimal 172)
   defining Unicode char U+00AE (decimal 174)
   defining Unicode char U+00AF (decimal 175)
   defining Unicode char U+00B0 (decimal 176)
   defining Unicode char U+00B1 (decimal 177)
   defining Unicode char U+00B2 (decimal 178)
   defining Unicode char U+00B3 (decimal 179)
   defining Unicode char U+00B4 (decimal 180)
   defining Unicode char U+00B5 (decimal 181)
   defining Unicode char U+00B6 (decimal 182)
   defining Unicode char U+00B7 (decimal 183)
   defining Unicode char U+00B9 (decimal 185)
   defining Unicode char U+00BA (decimal 186)
   defining Unicode char U+00BC (decimal 188)
   defining Unicode char U+00BD (decimal 189)
   defining Unicode char U+00BE (decimal 190)
   defining Unicode char U+00D7 (decimal 215)
   defining Unicode char U+00F7 (decimal 247)
   defining Unicode char U+0192 (decimal 402)
   defining Unicode char U+02C7 (decimal 711)
   defining Unicode char U+02D8 (decimal 728)
   defining Unicode char U+02DD (decimal 733)
   defining Unicode char U+0E3F (decimal 3647)
   defining Unicode char U+2016 (decimal 8214)
   defining Unicode char U+2020 (decimal 8224)
   defining Unicode char U+2021 (decimal 8225)
   defining Unicode char U+2022 (decimal 8226)
   defining Unicode char U+2030 (decimal 8240)
   defining Unicode char U+2031 (decimal 8241)
   defining Unicode char U+203B (decimal 8251)
   defining Unicode char U+203D (decimal 8253)
   defining Unicode char U+2044 (decimal 8260)
   defining Unicode char U+204E (decimal 8270)
   defining Unicode char U+2052 (decimal 8274)
   defining Unicode char U+20A1 (decimal 8353)
   defining Unicode char U+20A4 (decimal 8356)
   defining Unicode char U+20A6 (decimal 8358)
   defining Unicode char U+20A9 (decimal 8361)
   defining Unicode char U+20AB (decimal 8363)
   defining Unicode char U+20AC (decimal 8364)
   defining Unicode char U+20B1 (decimal 8369)
   defining Unicode char U+2103 (decimal 8451)
   defining Unicode char U+2116 (decimal 8470)
   defining Unicode char U+2117 (decimal 8471)
   defining Unicode char U+211E (decimal 8478)
   defining Unicode char U+2120 (decimal 8480)
   defining Unicode char U+2122 (decimal 8482)
   defining Unicode char U+2126 (decimal 8486)
   defining Unicode char U+2127 (decimal 8487)
   defining Unicode char U+212E (decimal 8494)
   defining Unicode char U+2190 (decimal 8592)
   defining Unicode char U+2191 (decimal 8593)
   defining Unicode char U+2192 (decimal 8594)
   defining Unicode char U+2193 (decimal 8595)
   defining Unicode char U+2329 (decimal 9001)
   defining Unicode char U+232A (decimal 9002)
   defining Unicode char U+2422 (decimal 9250)
   defining Unicode char U+25E6 (decimal 9702)
   defining Unicode char U+25EF (decimal 9711)
   defining Unicode char U+266A (decimal 9834)
   defining Unicode char U+FEFF (decimal 65279)
))
LaTeX Info: Redefining \oldstylenums on input line 334.
Package textcomp Info: Setting cmr sub-encoding to TS1/0 on input line 349.
Package textcomp Info: Setting cmss sub-encoding to TS1/0 on input line 350.
Package textcomp Info: Setting cmtt sub-encoding to TS1/0 on input line 351.
Package textcomp Info: Setting cmvtt sub-encoding to TS1/0 on input line 352.
Package textcomp Info: Setting cmbr sub-encoding to TS1/0 on input line 353.
Package textcomp Info: Setting cmtl sub-encoding to TS1/0 on input line 354.
Package textcomp Info: Setting ccr sub-encoding to TS1/0 on input line 355.
Package textcomp Info: Setting ptm sub-encoding to TS1/4 on input line 356.
Package textcomp Info: Setting pcr sub-encoding to TS1/4 on input line 357.
Package textcomp Info: Setting phv sub-encoding to TS1/4 on input line 358.
Package textcomp Info: Setting ppl sub-encoding to TS1/3 on input line 359.
Package textcomp Info: Setting pag sub-encoding to TS1/4 on input line 360.
Package textcomp Info: Setting pbk sub-encoding to TS1/4 on input line 361.
Package textcomp Info: Setting pnc sub-encoding to TS1/4 on input line 362.
Package textcomp Info: Setting pzc sub-encoding to TS1/4 on input line 363.
Package textcomp Info: Setting bch sub-encoding to TS1/4 on input line 364.
Package textcomp Info: Setting put sub-encoding to TS1/5 on input line 365.
Package textcomp Info: Setting uag sub-encoding to TS1/5 on input line 366.
Package textcomp Info: Setting ugq sub-encoding to TS1/5 on input line 367.
Package textcomp Info: Setting ul8 sub-encoding to TS1/4 on input line 368.
Package textcomp Info: Setting ul9 sub-encoding to TS1/4 on input line 369.
Package textcomp Info: Setting augie sub-encoding to TS1/5 on input line 370.
Package textcomp Info: Setting dayrom sub-encoding to TS1/3 on input line 371.
Package textcomp Info: Setting dayroms sub-encoding to TS1/3 on input line 372.

Package textcomp Info: Setting pxr sub-encoding to TS1/0 on input line 373.
Package textcomp Info: Setting pxss sub-encoding to TS1/0 on input line 374.
Package textcomp Info: Setting pxtt sub-encoding to TS1/0 on input line 375.
Package textcomp Info: Setting txr sub-encoding to TS1/0 on input line 376.
Package textcomp Info: Setting txss sub-encoding to TS1/0 on input line 377.
Package textcomp Info: Setting txtt sub-encoding to TS1/0 on input line 378.
Package textcomp Info: Setting lmr sub-encoding to TS1/0 on input line 379.
Package textcomp Info: Setting lmdh sub-encoding to TS1/0 on input line 380.
Package textcomp Info: Setting lmss sub-encoding to TS1/0 on input line 381.
Package textcomp Info: Setting lmssq sub-encoding to TS1/0 on input line 382.
Package textcomp Info: Setting lmvtt sub-encoding to TS1/0 on input line 383.
Package textcomp Info: Setting lmtt sub-encoding to TS1/0 on input line 384.
Package textcomp Info: Setting qhv sub-encoding to TS1/0 on input line 385.
Package textcomp Info: Setting qag sub-encoding to TS1/0 on input line 386.
Package textcomp Info: Setting qbk sub-encoding to TS1/0 on input line 387.
Package textcomp Info: Setting qcr sub-encoding to TS1/0 on input line 388.
Package textcomp Info: Setting qcs sub-encoding to TS1/0 on input line 389.
Package textcomp Info: Setting qpl sub-encoding to TS1/0 on input line 390.
Package textcomp Info: Setting qtm sub-encoding to TS1/0 on input line 391.
Package textcomp Info: Setting qzc sub-encoding to TS1/0 on input line 392.
Package textcomp Info: Setting qhvc sub-encoding to TS1/0 on input line 393.
Package textcomp Info: Setting futs sub-encoding to TS1/4 on input line 394.
Package textcomp Info: Setting futx sub-encoding to TS1/4 on input line 395.
Package textcomp Info: Setting futj sub-encoding to TS1/4 on input line 396.
Package textcomp Info: Setting hlh sub-encoding to TS1/3 on input line 397.
Package textcomp Info: Setting hls sub-encoding to TS1/3 on input line 398.
Package textcomp Info: Setting hlst sub-encoding to TS1/3 on input line 399.
Package textcomp Info: Setting hlct sub-encoding to TS1/5 on input line 400.
Package textcomp Info: Setting hlx sub-encoding to TS1/5 on input line 401.
Package textcomp Info: Setting hlce sub-encoding to TS1/5 on input line 402.
Package textcomp Info: Setting hlcn sub-encoding to TS1/5 on input line 403.
Package textcomp Info: Setting hlcw sub-encoding to TS1/5 on input line 404.
Package textcomp Info: Setting hlcf sub-encoding to TS1/5 on input line 405.
Package textcomp Info: Setting pplx sub-encoding to TS1/3 on input line 406.
Package textcomp Info: Setting pplj sub-encoding to TS1/3 on input line 407.
Package textcomp Info: Setting ptmx sub-encoding to TS1/4 on input line 408.
Package textcomp Info: Setting ptmj sub-encoding to TS1/4 on input line 409.
) (/usr/local/texlive/2019/texmf-dist/tex/latex/upquote/upquote.sty
Package: upquote 2012/04/19 v1.3 upright-quote and grave-accent glyphs in verba
tim
) (/usr/local/texlive/2019/texmf-dist/tex/latex/microtype/microtype.sty
Package: microtype 2019/02/28 v2.7b Micro-typographical refinements (RS)
(/usr/local/texlive/2019/texmf-dist/tex/latex/graphics/keyval.sty
Package: keyval 2014/10/28 v1.15 key=value parser (DPC)
\KV@toks@=\toks22
)
\MT@toks=\toks23
\MT@count=\count100
LaTeX Info: Redefining \textls on input line 790.
\MT@outer@kern=\dimen112
LaTeX Info: Redefining \textmicrotypecontext on input line 1336.
\MT@listname@count=\count101
(/usr/local/texlive/2019/texmf-dist/tex/latex/microtype/microtype-pdftex.def
File: microtype-pdftex.def 2019/02/28 v2.7b Definitions specific to pdftex (RS)

LaTeX Info: Redefining \lsstyle on input line 914.
LaTeX Info: Redefining \lslig on input line 914.
\MT@outer@space=\skip46
)
Package microtype Info: Loading configuration file microtype.cfg.
(/usr/local/texlive/2019/texmf-dist/tex/latex/microtype/microtype.cfg
File: microtype.cfg 2019/02/28 v2.7b microtype main configuration file (RS)
)) (/usr/local/texlive/2019/texmf-dist/tex/latex/parskip/parskip.sty
Package: parskip 2019-01-16 v2.0c non-zero parskip adjustments
(/usr/local/texlive/2019/texmf-dist/tex/latex/oberdiek/kvoptions.sty
Package: kvoptions 2016/05/16 v3.12 Key value format for package options (HO)
(/usr/local/texlive/2019/texmf-dist/tex/generic/oberdiek/ltxcmds.sty
Package: ltxcmds 2016/05/16 v1.23 LaTeX kernel commands for general use (HO)
) (/usr/local/texlive/2019/texmf-dist/tex/generic/oberdiek/kvsetkeys.sty
Package: kvsetkeys 2016/05/16 v1.17 Key value parser (HO)
(/usr/local/texlive/2019/texmf-dist/tex/generic/oberdiek/infwarerr.sty
Package: infwarerr 2016/05/16 v1.4 Providing info/warning/error messages (HO)
) (/usr/local/texlive/2019/texmf-dist/tex/generic/oberdiek/etexcmds.sty
Package: etexcmds 2016/05/16 v1.6 Avoid name clashes with e-TeX commands (HO)
))) (/usr/local/texlive/2019/texmf-dist/tex/latex/etoolbox/etoolbox.sty
Package: etoolbox 2018/08/19 v2.5f e-TeX tools for LaTeX (JAW)
\etb@tempcnta=\count102
)) (/usr/local/texlive/2019/texmf-dist/tex/latex/xcolor/xcolor.sty
Package: xcolor 2016/05/11 v2.12 LaTeX color extensions (UK)
(/usr/local/texlive/2019/texmf-dist/tex/latex/graphics-cfg/color.cfg
File: color.cfg 2016/01/02 v1.6 sample color configuration
)
Package xcolor Info: Driver file: pdftex.def on input line 225.
(/usr/local/texlive/2019/texmf-dist/tex/latex/graphics-def/pdftex.def
File: pdftex.def 2018/01/08 v1.0l Graphics/color driver for pdftex
)
Package xcolor Info: Model `cmy' substituted by `cmy0' on input line 1348.
Package xcolor Info: Model `hsb' substituted by `rgb' on input line 1352.
Package xcolor Info: Model `RGB' extended on input line 1364.
Package xcolor Info: Model `HTML' substituted by `rgb' on input line 1366.
Package xcolor Info: Model `Hsb' substituted by `hsb' on input line 1367.
Package xcolor Info: Model `tHsb' substituted by `hsb' on input line 1368.
Package xcolor Info: Model `HSB' substituted by `hsb' on input line 1369.
Package xcolor Info: Model `Gray' substituted by `gray' on input line 1370.
Package xcolor Info: Model `wave' substituted by `hsb' on input line 1371.
) (/usr/local/texlive/2019/texmf-dist/tex/latex/xurl/xurl.sty
Package: xurl 2018/12/23 v 0.07 modify URL breaks
(/usr/local/texlive/2019/texmf-dist/tex/latex/url/url.sty
\Urlmuskip=\muskip11
Package: url 2013/09/16  ver 3.4  Verb mode for urls, etc.
)) (/usr/local/texlive/2019/texmf-dist/tex/latex/oberdiek/bookmark.sty
Package: bookmark 2016/05/17 v1.26 PDF bookmarks (HO)
(/usr/local/texlive/2019/texmf-dist/tex/generic/oberdiek/pdfescape.sty
Package: pdfescape 2016/05/16 v1.14 Implements pdfTeX's escape features (HO)
(/usr/local/texlive/2019/texmf-dist/tex/generic/oberdiek/pdftexcmds.sty
Package: pdftexcmds 2018/09/10 v0.29 Utility functions of pdfTeX for LuaTeX (HO
)
(/usr/local/texlive/2019/texmf-dist/tex/generic/oberdiek/ifpdf.sty
Package: ifpdf 2018/09/07 v3.3 Provides the ifpdf switch
)
Package pdftexcmds Info: LuaTeX not detected.
Package pdftexcmds Info: \pdf@primitive is available.
Package pdftexcmds Info: \pdf@ifprimitive is available.
Package pdftexcmds Info: \pdfdraftmode found.
)) (/usr/local/texlive/2019/texmf-dist/tex/generic/oberdiek/ifvtex.sty
Package: ifvtex 2016/05/16 v1.6 Detect VTeX and its facilities (HO)
Package ifvtex Info: VTeX not detected.
) (/usr/local/texlive/2019/texmf-dist/tex/latex/hyperref/hyperref.sty
Package: hyperref 2018/11/30 v6.88e Hypertext links for LaTeX
(/usr/local/texlive/2019/texmf-dist/tex/generic/oberdiek/hobsub-hyperref.sty
Package: hobsub-hyperref 2016/05/16 v1.14 Bundle oberdiek, subset hyperref (HO)

(/usr/local/texlive/2019/texmf-dist/tex/generic/oberdiek/hobsub-generic.sty
Package: hobsub-generic 2016/05/16 v1.14 Bundle oberdiek, subset generic (HO)
Package: hobsub 2016/05/16 v1.14 Construct package bundles (HO)
Package hobsub Info: Skipping package `infwarerr' (already loaded).
Package hobsub Info: Skipping package `ltxcmds' (already loaded).
Package hobsub Info: Skipping package `ifluatex' (already loaded).
Package hobsub Info: Skipping package `ifvtex' (already loaded).
Package: intcalc 2016/05/16 v1.2 Expandable calculations with integers (HO)
Package hobsub Info: Skipping package `ifpdf' (already loaded).
Package hobsub Info: Skipping package `etexcmds' (already loaded).
Package hobsub Info: Skipping package `kvsetkeys' (already loaded).
Package: kvdefinekeys 2016/05/16 v1.4 Define keys (HO)
Package hobsub Info: Skipping package `pdftexcmds' (already loaded).
Package hobsub Info: Skipping package `pdfescape' (already loaded).
Package: bigintcalc 2016/05/16 v1.4 Expandable calculations on big integers (HO
)
Package: bitset 2016/05/16 v1.2 Handle bit-vector datatype (HO)
Package: uniquecounter 2016/05/16 v1.3 Provide unlimited unique counter (HO)
)
Package hobsub Info: Skipping package `hobsub' (already loaded).
Package: letltxmacro 2016/05/16 v1.5 Let assignment for LaTeX macros (HO)
Package: hopatch 2016/05/16 v1.3 Wrapper for package hooks (HO)
Package: xcolor-patch 2016/05/16 xcolor patch
Package: atveryend 2016/05/16 v1.9 Hooks at the very end of document (HO)
Package: atbegshi 2016/06/09 v1.18 At begin shipout hook (HO)
Package: refcount 2016/05/16 v3.5 Data extraction from label references (HO)
Package: hycolor 2016/05/16 v1.8 Color options for hyperref/bookmark (HO)
) (/usr/local/texlive/2019/texmf-dist/tex/latex/oberdiek/auxhook.sty
Package: auxhook 2016/05/16 v1.4 Hooks for auxiliary files (HO)
)
\@linkdim=\dimen113
\Hy@linkcounter=\count103
\Hy@pagecounter=\count104
(/usr/local/texlive/2019/texmf-dist/tex/latex/hyperref/pd1enc.def
File: pd1enc.def 2018/11/30 v6.88e Hyperref: PDFDocEncoding definition (HO)
Now handling font encoding PD1 ...
... no UTF-8 mapping file for font encoding PD1
)
\Hy@SavedSpaceFactor=\count105
(/usr/local/texlive/2019/texmf-dist/tex/latex/latexconfig/hyperref.cfg
File: hyperref.cfg 2002/06/06 v1.2 hyperref configuration of TeXLive
)
Package hyperref Info: Option `unicode' set `true' on input line 4393.
(/usr/local/texlive/2019/texmf-dist/tex/latex/hyperref/puenc.def
File: puenc.def 2018/11/30 v6.88e Hyperref: PDF Unicode definition (HO)
Now handling font encoding PU ...
... no UTF-8 mapping file for font encoding PU
)
Package hyperref Info: Hyper figures OFF on input line 4519.
Package hyperref Info: Link nesting OFF on input line 4524.
Package hyperref Info: Hyper index ON on input line 4527.
Package hyperref Info: Plain pages OFF on input line 4534.
Package hyperref Info: Backreferencing OFF on input line 4539.
Package hyperref Info: Implicit mode ON; LaTeX internals redefined.
Package hyperref Info: Bookmarks ON on input line 4772.
\c@Hy@tempcnt=\count106
LaTeX Info: Redefining \url on input line 5125.
\XeTeXLinkMargin=\dimen114
\Fld@menulength=\count107
\Field@Width=\dimen115
\Fld@charsize=\dimen116
Package hyperref Info: Hyper figures OFF on input line 6380.
Package hyperref Info: Link nesting OFF on input line 6385.
Package hyperref Info: Hyper index ON on input line 6388.
Package hyperref Info: backreferencing OFF on input line 6395.
Package hyperref Info: Link coloring OFF on input line 6400.
Package hyperref Info: Link coloring with OCG OFF on input line 6405.
Package hyperref Info: PDF/A mode OFF on input line 6410.
LaTeX Info: Redefining \ref on input line 6450.
LaTeX Info: Redefining \pageref on input line 6454.
\Hy@abspage=\count108
\c@Item=\count109
\c@Hfootnote=\count110
)
Package hyperref Info: Driver (autodetected): hpdftex.
(/usr/local/texlive/2019/texmf-dist/tex/latex/hyperref/hpdftex.def
File: hpdftex.def 2018/11/30 v6.88e Hyperref driver for pdfTeX
\Fld@listcount=\count111
\c@bookmark@seq@number=\count112
(/usr/local/texlive/2019/texmf-dist/tex/latex/oberdiek/rerunfilecheck.sty
Package: rerunfilecheck 2016/05/16 v1.8 Rerun checks for auxiliary files (HO)
Package uniquecounter Info: New unique counter `rerunfilecheck' on input line 2
82.
)
\Hy@SectionHShift=\skip47
) (/usr/local/texlive/2019/texmf-dist/tex/latex/oberdiek/bkm-pdftex.def
File: bkm-pdftex.def 2016/05/17 v1.26 bookmark driver for pdfTeX (HO)
\BKM@id=\count113
)) (/usr/local/texlive/2019/texmf-dist/tex/latex/geometry/geometry.sty
Package: geometry 2018/04/16 v5.8 Page Geometry
\Gm@cnth=\count114
\Gm@cntv=\count115
\c@Gm@tempcnt=\count116
\Gm@bindingoffset=\dimen117
\Gm@wd@mp=\dimen118
\Gm@odd@mp=\dimen119
\Gm@even@mp=\dimen120
\Gm@layoutwidth=\dimen121
\Gm@layoutheight=\dimen122
\Gm@layouthoffset=\dimen123
\Gm@layoutvoffset=\dimen124
\Gm@dimlist=\toks24
) (/usr/local/texlive/2019/texmf-dist/tex/latex/graphics/graphicx.sty
Package: graphicx 2017/06/01 v1.1a Enhanced LaTeX Graphics (DPC,SPQR)
(/usr/local/texlive/2019/texmf-dist/tex/latex/graphics/graphics.sty
Package: graphics 2017/06/25 v1.2c Standard LaTeX Graphics (DPC,SPQR)
(/usr/local/texlive/2019/texmf-dist/tex/latex/graphics/trig.sty
Package: trig 2016/01/03 v1.10 sin cos tan (DPC)
) (/usr/local/texlive/2019/texmf-dist/tex/latex/graphics-cfg/graphics.cfg
File: graphics.cfg 2016/06/04 v1.11 sample graphics configuration
)
Package graphics Info: Driver file: pdftex.def on input line 99.
)
\Gin@req@height=\dimen125
\Gin@req@width=\dimen126
) (/usr/local/texlive/2019/texmf-dist/tex/latex/float/float.sty
Package: float 2001/11/08 v1.3d Float enhancements (AL)
\c@float@type=\count117
\float@exts=\toks25
\float@box=\box29
\@float@everytoks=\toks26
\@floatcapt=\box30
) (/usr/local/texlive/2019/texmf-dist/tex/latex/caption/caption.sty
Package: caption 2018/10/06 v3.3-154 Customizing captions (AR)
(/usr/local/texlive/2019/texmf-dist/tex/latex/caption/caption3.sty
Package: caption3 2018/09/12 v1.8c caption3 kernel (AR)
Package caption3 Info: TeX engine: e-TeX on input line 64.
\captionmargin=\dimen127
\captionmargin@=\dimen128
\captionwidth=\dimen129
\caption@tempdima=\dimen130
\caption@indent=\dimen131
\caption@parindent=\dimen132
\caption@hangindent=\dimen133
)
\c@caption@flags=\count118
\c@ContinuedFloat=\count119
Package caption Info: float package is loaded.
Package caption Info: hyperref package is loaded.
) (/usr/local/texlive/2019/texmf-dist/tex/latex/oberdiek/pdflscape.sty
Package: pdflscape 2016/05/14 v0.11 Display of landscape pages in PDF (HO)
(/usr/local/texlive/2019/texmf-dist/tex/latex/graphics/lscape.sty
Package: lscape 2000/10/22 v3.01 Landscape Pages (DPC)
)
Package pdflscape Info: Auto-detected driver: pdftex on input line 81.
) (/usr/local/texlive/2019/texmf-dist/tex/latex/booktabs/booktabs.sty
Package: booktabs 2016/04/27 v1.618033 publication quality tables
\heavyrulewidth=\dimen134
\lightrulewidth=\dimen135
\cmidrulewidth=\dimen136
\belowrulesep=\dimen137
\belowbottomsep=\dimen138
\aboverulesep=\dimen139
\abovetopsep=\dimen140
\cmidrulesep=\dimen141
\cmidrulekern=\dimen142
\defaultaddspace=\dimen143
\@cmidla=\count120
\@cmidlb=\count121
\@aboverulesep=\dimen144
\@belowrulesep=\dimen145
\@thisruleclass=\count122
\@lastruleclass=\count123
\@thisrulewidth=\dimen146
) (/usr/local/texlive/2019/texmf-dist/tex/latex/tools/longtable.sty
Package: longtable 2014/10/28 v4.11 Multi-page Table package (DPC)+ FMi change
\LTleft=\skip48
\LTright=\skip49
\LTpre=\skip50
\LTpost=\skip51
\LTchunksize=\count124
\LTcapwidth=\dimen147
\LT@head=\box31
\LT@firsthead=\box32
\LT@foot=\box33
\LT@lastfoot=\box34
\LT@cols=\count125
\LT@rows=\count126
\c@LT@tables=\count127
\c@LT@chunks=\count128
\LT@p@ftn=\toks27
) (/usr/local/texlive/2019/texmf-dist/tex/latex/tools/array.sty
Package: array 2018/12/30 v2.4k Tabular extension package (FMi)
\col@sep=\dimen148
\ar@mcellbox=\box35
\extrarowheight=\dimen149
\NC@list=\toks28
\extratabsurround=\skip52
\backup@length=\skip53
\ar@cellbox=\box36
) (/usr/local/texlive/2019/texmf-dist/tex/latex/multirow/multirow.sty
Package: multirow 2019/01/01 v2.4 Span multiple rows of a table
\multirow@colwidth=\skip54
\multirow@cntb=\count129
\multirow@dima=\skip55
\bigstrutjot=\dimen150
) (/usr/local/texlive/2019/texmf-dist/tex/latex/wrapfig/wrapfig.sty
\wrapoverhang=\dimen151
\WF@size=\dimen152
\c@WF@wrappedlines=\count130
\WF@box=\box37
\WF@everypar=\toks29
Package: wrapfig 2003/01/31  v 3.6
) (/usr/local/texlive/2019/texmf-dist/tex/latex/colortbl/colortbl.sty
Package: colortbl 2018/12/12 v1.0d Color table columns (DPC)
\everycr=\toks30
\minrowclearance=\skip56
) (/usr/local/texlive/2019/texmf-dist/tex/latex/tabu/tabu.sty
Package: tabu 2019/01/11 v2.9 - flexible LaTeX tabulars (FC+tabu-fixed)
(/usr/local/texlive/2019/texmf-dist/tex/latex/varwidth/varwidth.sty
Package: varwidth 2009/03/30 ver 0.92;  Variable-width minipages
\@vwid@box=\box38
\sift@deathcycles=\count131
\@vwid@loff=\dimen153
\@vwid@roff=\dimen154
)
\c@taburow=\count132
\tabu@nbcols=\count133
\tabu@cnt=\count134
\tabu@Xcol=\count135
\tabu@alloc=\count136
\tabu@nested=\count137
\tabu@target=\dimen155
\tabu@spreadtarget=\dimen156
\tabu@naturalX=\dimen157
\tabucolX=\dimen158
\tabu@Xsum=\dimen159
\extrarowdepth=\dimen160
\abovetabulinesep=\dimen161
\belowtabulinesep=\dimen162
\tabustrutrule=\dimen163
\tabu@thebody=\toks31
\tabu@footnotes=\toks32
\tabu@box=\box39
\tabu@arstrutbox=\box40
\tabu@hleads=\box41
\tabu@vleads=\box42
\tabu@cellskip=\skip57
)
(/usr/local/texlive/2019/texmf-dist/tex/latex/threeparttable/threeparttable.sty
Package: threeparttable 2003/06/13  v 3.0
\@tempboxb=\box43
)
(/usr/local/texlive/2019/texmf-dist/tex/latex/threeparttablex/threeparttablex.s
ty
Package: threeparttablex 2013/07/23 v0.3 by daleif
(/usr/local/texlive/2019/texmf-dist/tex/latex/environ/environ.sty
Package: environ 2014/05/04 v0.3 A new way to define environments
(/usr/local/texlive/2019/texmf-dist/tex/latex/trimspaces/trimspaces.sty
Package: trimspaces 2009/09/17 v1.1 Trim spaces around a token list
))
\TPTL@width=\skip58
) (/usr/local/texlive/2019/texmf-dist/tex/generic/ulem/ulem.sty
\UL@box=\box44
\UL@hyphenbox=\box45
\UL@skip=\skip59
\UL@hook=\toks33
\UL@height=\dimen164
\UL@pe=\count138
\UL@pixel=\dimen165
\ULC@box=\box46
Package: ulem 2012/05/18
\ULdepth=\dimen166
) (/usr/local/texlive/2019/texmf-dist/tex/latex/makecell/makecell.sty
Package: makecell 2009/08/03 V0.1e Managing of Tab Column Heads and Cells
\rotheadsize=\dimen167
\c@nlinenum=\count139
\TeXr@lab=\toks34
)
\cslhangindent=\skip60
(./MEE_manuscript_SI.aux)
\openout1 = `MEE_manuscript_SI.aux'.

LaTeX Font Info:    Checking defaults for OML/cmm/m/it on input line 90.
LaTeX Font Info:    ... okay on input line 90.
LaTeX Font Info:    Checking defaults for T1/cmr/m/n on input line 90.
LaTeX Font Info:    ... okay on input line 90.
LaTeX Font Info:    Checking defaults for OT1/cmr/m/n on input line 90.
LaTeX Font Info:    ... okay on input line 90.
LaTeX Font Info:    Checking defaults for OMS/cmsy/m/n on input line 90.
LaTeX Font Info:    ... okay on input line 90.
LaTeX Font Info:    Checking defaults for OMX/cmex/m/n on input line 90.
LaTeX Font Info:    ... okay on input line 90.
LaTeX Font Info:    Checking defaults for U/cmr/m/n on input line 90.
LaTeX Font Info:    ... okay on input line 90.
LaTeX Font Info:    Checking defaults for TS1/cmr/m/n on input line 90.
LaTeX Font Info:    Try loading font information for TS1+cmr on input line 90.
(/usr/local/texlive/2019/texmf-dist/tex/latex/base/ts1cmr.fd
File: ts1cmr.fd 2014/09/29 v2.5h Standard LaTeX font definitions
)
LaTeX Font Info:    ... okay on input line 90.
LaTeX Font Info:    Checking defaults for PD1/pdf/m/n on input line 90.
LaTeX Font Info:    ... okay on input line 90.
LaTeX Font Info:    Checking defaults for PU/pdf/m/n on input line 90.
LaTeX Font Info:    ... okay on input line 90.
LaTeX Font Info:    Try loading font information for T1+lmr on input line 90.
(/usr/local/texlive/2019/texmf-dist/tex/latex/lm/t1lmr.fd
File: t1lmr.fd 2009/10/30 v1.6 Font defs for Latin Modern
)
LaTeX Info: Redefining \microtypecontext on input line 90.
Package microtype Info: Generating PDF output.
Package microtype Info: Character protrusion enabled (level 2).
Package microtype Info: Using protrusion set `basicmath'.
Package microtype Info: Automatic font expansion enabled (level 2),
(microtype)             stretch: 20, shrink: 20, step: 1, non-selected.
Package microtype Info: Using default expansion set `basictext'.
Package microtype Info: No adjustment of tracking.
Package microtype Info: No adjustment of interword spacing.
Package microtype Info: No adjustment of character kerning.
(/usr/local/texlive/2019/texmf-dist/tex/latex/microtype/mt-cmr.cfg
File: mt-cmr.cfg 2013/05/19 v2.2 microtype config. file: Computer Modern Roman 
(RS)
) (/usr/local/texlive/2019/texmf-dist/tex/context/base/mkii/supp-pdf.mkii
[Loading MPS to PDF converter (version 2006.09.02).]
\scratchcounter=\count140
\scratchdimen=\dimen168
\scratchbox=\box47
\nofMPsegments=\count141
\nofMParguments=\count142
\everyMPshowfont=\toks35
\MPscratchCnt=\count143
\MPscratchDim=\dimen169
\MPnumerator=\count144
\makeMPintoPDFobject=\count145
\everyMPtoPDFconversion=\toks36
) (/usr/local/texlive/2019/texmf-dist/tex/latex/oberdiek/epstopdf-base.sty
Package: epstopdf-base 2016/05/15 v2.6 Base part for package epstopdf
(/usr/local/texlive/2019/texmf-dist/tex/latex/oberdiek/grfext.sty
Package: grfext 2016/05/16 v1.2 Manage graphics extensions (HO)
)
Package epstopdf-base Info: Redefining graphics rule for `.eps' on input line 4
38.
Package grfext Info: Graphics extension search list:
(grfext)             [.pdf,.png,.jpg,.mps,.jpeg,.jbig2,.jb2,.PDF,.PNG,.JPG,.JPE
G,.JBIG2,.JB2,.eps]
(grfext)             \AppendGraphicsExtensions on input line 456.
(/usr/local/texlive/2019/texmf-dist/tex/latex/latexconfig/epstopdf-sys.cfg
File: epstopdf-sys.cfg 2010/07/13 v1.3 Configuration of (r)epstopdf for TeX Liv
e
))
\AtBeginShipoutBox=\box48
Package hyperref Info: Link coloring OFF on input line 90.
(/usr/local/texlive/2019/texmf-dist/tex/latex/hyperref/nameref.sty
Package: nameref 2016/05/21 v2.44 Cross-referencing by name of section
(/usr/local/texlive/2019/texmf-dist/tex/generic/oberdiek/gettitlestring.sty
Package: gettitlestring 2016/05/16 v1.5 Cleanup title references (HO)
)
\c@section@level=\count146
)
LaTeX Info: Redefining \ref on input line 90.
LaTeX Info: Redefining \pageref on input line 90.
LaTeX Info: Redefining \nameref on input line 90.
*geometry* driver: auto-detecting
*geometry* detected driver: pdftex
*geometry* verbose mode - [ preamble ] result:
* driver: pdftex
* paper: <default>
* layout: <same size as paper>
* layoutoffset:(h,v)=(0.0pt,0.0pt)
* modes: 
* h-part:(L,W,R)=(72.26999pt, 469.75502pt, 72.26999pt)
* v-part:(T,H,B)=(72.26999pt, 650.43001pt, 72.26999pt)
* \paperwidth=614.295pt
* \paperheight=794.96999pt
* \textwidth=469.75502pt
* \textheight=650.43001pt
* \oddsidemargin=0.0pt
* \evensidemargin=0.0pt
* \topmargin=-37.0pt
* \headheight=12.0pt
* \headsep=25.0pt
* \topskip=10.0pt
* \footskip=30.0pt
* \marginparwidth=65.0pt
* \marginparsep=11.0pt
* \columnsep=10.0pt
* \skip\footins=9.0pt plus 4.0pt minus 2.0pt
* \hoffset=0.0pt
* \voffset=0.0pt
* \mag=1000
* \@twocolumnfalse
* \@twosidefalse
* \@mparswitchfalse
* \@reversemarginfalse
* (1in=72.27pt=25.4mm, 1cm=28.453pt)

Package caption Info: Begin \AtBeginDocument code.
Package caption Info: longtable package is loaded.
(/usr/local/texlive/2019/texmf-dist/tex/latex/caption/ltcaption.sty
Package: ltcaption 2018/08/26 v1.4-95 longtable captions (AR)
)
Package caption Info: threeparttable package is loaded.
Package caption Info: wrapfig package is loaded.
Package caption Info: End \AtBeginDocument code.
LaTeX Font Info:    Try loading font information for OT1+lmr on input line 92.
(/usr/local/texlive/2019/texmf-dist/tex/latex/lm/ot1lmr.fd
File: ot1lmr.fd 2009/10/30 v1.6 Font defs for Latin Modern
)
LaTeX Font Info:    Try loading font information for OML+lmm on input line 92.
(/usr/local/texlive/2019/texmf-dist/tex/latex/lm/omllmm.fd
File: omllmm.fd 2009/10/30 v1.6 Font defs for Latin Modern
)
LaTeX Font Info:    Try loading font information for OMS+lmsy on input line 92.

(/usr/local/texlive/2019/texmf-dist/tex/latex/lm/omslmsy.fd
File: omslmsy.fd 2009/10/30 v1.6 Font defs for Latin Modern
)
LaTeX Font Info:    Try loading font information for OMX+lmex on input line 92.

(/usr/local/texlive/2019/texmf-dist/tex/latex/lm/omxlmex.fd
File: omxlmex.fd 2009/10/30 v1.6 Font defs for Latin Modern
)
LaTeX Font Info:    External font `lmex10' loaded for size
(Font)              <12> on input line 92.
LaTeX Font Info:    External font `lmex10' loaded for size
(Font)              <8> on input line 92.
LaTeX Font Info:    External font `lmex10' loaded for size
(Font)              <6> on input line 92.
LaTeX Font Info:    Try loading font information for U+msa on input line 92.
(/usr/local/texlive/2019/texmf-dist/tex/latex/amsfonts/umsa.fd
File: umsa.fd 2013/01/14 v3.01 AMS symbols A
) (/usr/local/texlive/2019/texmf-dist/tex/latex/microtype/mt-msa.cfg
File: mt-msa.cfg 2006/02/04 v1.1 microtype config. file: AMS symbols (a) (RS)
)
LaTeX Font Info:    Try loading font information for U+msb on input line 92.
(/usr/local/texlive/2019/texmf-dist/tex/latex/amsfonts/umsb.fd
File: umsb.fd 2013/01/14 v3.01 AMS symbols B
) (/usr/local/texlive/2019/texmf-dist/tex/latex/microtype/mt-msb.cfg
File: mt-msb.cfg 2005/06/01 v1.0 microtype config. file: AMS symbols (b) (RS)
) (./MEE_manuscript_SI.toc
LaTeX Font Info:    External font `lmex10' loaded for size
(Font)              <10> on input line 1.
LaTeX Font Info:    External font `lmex10' loaded for size
(Font)              <7> on input line 1.
LaTeX Font Info:    External font `lmex10' loaded for size
(Font)              <5> on input line 1.
[1

{/usr/local/texlive/2019/texmf-var/fonts/map/pdftex/updmap/pdftex.map}])
\tf@toc=\write3
\openout3 = `MEE_manuscript_SI.toc'.

[2]

LaTeX Warning: Command \v invalid in math mode on input line 126.


LaTeX Warning: Command \' invalid in math mode on input line 126.

[3]
LaTeX Font Info:    Try loading font information for T1+lmtt on input line 197.

(/usr/local/texlive/2019/texmf-dist/tex/latex/lm/t1lmtt.fd
File: t1lmtt.fd 2009/10/30 v1.6 Font defs for Latin Modern
) [4] [5]

LaTeX Warning: Command \v invalid in math mode on input line 251.


LaTeX Warning: Command \' invalid in math mode on input line 251.

[6] [7] [8] [9]

LaTeX Warning: Command \v invalid in math mode on input line 437.


LaTeX Warning: Command \' invalid in math mode on input line 437.

[10] [11]
Overfull \hbox (1.46829pt too wide) in alignment at lines 557--563
 [] [] [] [] [] [] [] [] [] 
 []


Overfull \hbox (1.46829pt too wide) in alignment at lines 563--570
 [] [] [] [] [] [] [] [] [] 
 []


Overfull \hbox (1.46829pt too wide) in alignment at lines 570--572
 [] [] [] [] [] [] [] [] [] 
 []


Overfull \hbox (1.46829pt too wide) in alignment at lines 572--574
 [] [] [] [] [] [] [] [] [] 
 []


Overfull \hbox (1.46829pt too wide) in alignment at lines 574--614
 [] [] [] [] [] [] [] [] [] 
 []


Overfull \hbox (1.46829pt too wide) in alignment at lines 614--654
 [] [] [] [] [] [] [] [] [] 
 []


Overfull \hbox (1.46829pt too wide) in alignment at lines 654--664
 [] [] [] [] [] [] [] [] [] 
 []

[12] [13] [14]

LaTeX Warning: Command \' invalid in math mode on input line 760.


LaTeX Warning: Command \' invalid in math mode on input line 761.


LaTeX Warning: Command \' invalid in math mode on input line 762.


Underfull \vbox (badness 10000) detected at line 779
 []

[15]
Underfull \vbox (badness 10000) detected at line 814
 []

[16]

LaTeX Warning: Command \v invalid in math mode on input line 829.


LaTeX Warning: Command \v invalid in math mode on input line 829.


LaTeX Warning: Command \' invalid in math mode on input line 829.


LaTeX Warning: Command \v invalid in math mode on input line 829.


LaTeX Warning: Command \' invalid in math mode on input line 829.


LaTeX Warning: Command \v invalid in math mode on input line 829.


LaTeX Warning: Command \v invalid in math mode on input line 830.


LaTeX Warning: Command \v invalid in math mode on input line 830.


LaTeX Warning: Command \' invalid in math mode on input line 830.


LaTeX Warning: Command \v invalid in math mode on input line 830.


LaTeX Warning: Command \' invalid in math mode on input line 830.


LaTeX Warning: Command \v invalid in math mode on input line 830.


LaTeX Warning: Command \v invalid in math mode on input line 831.


LaTeX Warning: Command \v invalid in math mode on input line 831.


LaTeX Warning: Command \' invalid in math mode on input line 831.


LaTeX Warning: Command \v invalid in math mode on input line 831.


LaTeX Warning: Command \' invalid in math mode on input line 831.


LaTeX Warning: Command \v invalid in math mode on input line 831.


Underfull \vbox (badness 10000) detected at line 848
 []

[17]
<tables_figures/SI_figures/traditional_comparison/climwin_vs_dcc_SCBI_LITU_pre.
png, id=233, 578.16pt x 289.08pt>
File: tables_figures/SI_figures/traditional_comparison/climwin_vs_dcc_SCBI_LITU
_pre.png Graphic file (type png)
<use tables_figures/SI_figures/traditional_comparison/climwin_vs_dcc_SCBI_LITU_
pre.png>
Package pdftex.def Info: tables_figures/SI_figures/traditional_comparison/climw
in_vs_dcc_SCBI_LITU_pre.png  used on input line 866.
(pdftex.def)             Requested size: 446.26086pt x 223.13042pt.
<tables_figures/SI_figures/traditional_comparison/climwin_vs_dcc_SCBI_LITU_pet.
png, id=234, 578.16pt x 289.08pt>
File: tables_figures/SI_figures/traditional_comparison/climwin_vs_dcc_SCBI_LITU
_pet.png Graphic file (type png)
<use tables_figures/SI_figures/traditional_comparison/climwin_vs_dcc_SCBI_LITU_
pet.png>
Package pdftex.def Info: tables_figures/SI_figures/traditional_comparison/climw
in_vs_dcc_SCBI_LITU_pet.png  used on input line 870.
(pdftex.def)             Requested size: 446.26086pt x 223.13042pt.
[18 <./tables_figures/SI_figures/traditional_comparison/climwin_vs_dcc_SCBI_LIT
U_pre.png> <./tables_figures/SI_figures/traditional_comparison/climwin_vs_dcc_S
CBI_LITU_pet.png>]
<tables_figures/SI_figures/traditional_comparison/climwin_vs_dcc_Zofin_ABAL_wet
.png, id=242, 578.16pt x 289.08pt>
File: tables_figures/SI_figures/traditional_comparison/climwin_vs_dcc_Zofin_ABA
L_wet.png Graphic file (type png)
<use tables_figures/SI_figures/traditional_comparison/climwin_vs_dcc_Zofin_ABAL
_wet.png>
Package pdftex.def Info: tables_figures/SI_figures/traditional_comparison/climw
in_vs_dcc_Zofin_ABAL_wet.png  used on input line 897.
(pdftex.def)             Requested size: 446.26086pt x 223.13042pt.
<tables_figures/SI_figures/traditional_comparison/climwin_vs_dcc_Zofin_ABAL_tmx
.png, id=243, 578.16pt x 289.08pt>
File: tables_figures/SI_figures/traditional_comparison/climwin_vs_dcc_Zofin_ABA
L_tmx.png Graphic file (type png)
<use tables_figures/SI_figures/traditional_comparison/climwin_vs_dcc_Zofin_ABAL
_tmx.png>
Package pdftex.def Info: tables_figures/SI_figures/traditional_comparison/climw
in_vs_dcc_Zofin_ABAL_tmx.png  used on input line 901.
(pdftex.def)             Requested size: 446.26086pt x 223.13042pt.
[19 <./tables_figures/SI_figures/traditional_comparison/climwin_vs_dcc_Zofin_AB
AL_wet.png> <./tables_figures/SI_figures/traditional_comparison/climwin_vs_dcc_
Zofin_ABAL_tmx.png>]
<tables_figures/SI_figures/traditional_comparison/climwin_vs_dcc_CedarBreaks_PS
ME_pre.png, id=252, 578.16pt x 289.08pt>
File: tables_figures/SI_figures/traditional_comparison/climwin_vs_dcc_CedarBrea
ks_PSME_pre.png Graphic file (type png)
<use tables_figures/SI_figures/traditional_comparison/climwin_vs_dcc_CedarBreak
s_PSME_pre.png>
Package pdftex.def Info: tables_figures/SI_figures/traditional_comparison/climw
in_vs_dcc_CedarBreaks_PSME_pre.png  used on input line 928.
(pdftex.def)             Requested size: 446.26086pt x 223.13042pt.
<tables_figures/SI_figures/traditional_comparison/climwin_vs_dcc_CedarBreaks_PS
ME_tmx.png, id=253, 578.16pt x 289.08pt>
File: tables_figures/SI_figures/traditional_comparison/climwin_vs_dcc_CedarBrea
ks_PSME_tmx.png Graphic file (type png)
<use tables_figures/SI_figures/traditional_comparison/climwin_vs_dcc_CedarBreak
s_PSME_tmx.png>
Package pdftex.def Info: tables_figures/SI_figures/traditional_comparison/climw
in_vs_dcc_CedarBreaks_PSME_tmx.png  used on input line 932.
(pdftex.def)             Requested size: 446.26086pt x 223.13042pt.
[20 <./tables_figures/SI_figures/traditional_comparison/climwin_vs_dcc_CedarBre
aks_PSME_pre.png> <./tables_figures/SI_figures/traditional_comparison/climwin_v
s_dcc_CedarBreaks_PSME_tmx.png>]
<tables_figures/SI_figures/traditional_comparison/climwin_vs_dcc_ScottyCreek_PI
MA_pre.png, id=261, 578.16pt x 289.08pt>
File: tables_figures/SI_figures/traditional_comparison/climwin_vs_dcc_ScottyCre
ek_PIMA_pre.png Graphic file (type png)
<use tables_figures/SI_figures/traditional_comparison/climwin_vs_dcc_ScottyCree
k_PIMA_pre.png>
Package pdftex.def Info: tables_figures/SI_figures/traditional_comparison/climw
in_vs_dcc_ScottyCreek_PIMA_pre.png  used on input line 959.
(pdftex.def)             Requested size: 446.26086pt x 223.13042pt.
<tables_figures/SI_figures/traditional_comparison/climwin_vs_dcc_ScottyCreek_PI
MA_tmx.png, id=262, 578.16pt x 289.08pt>
File: tables_figures/SI_figures/traditional_comparison/climwin_vs_dcc_ScottyCre
ek_PIMA_tmx.png Graphic file (type png)
<use tables_figures/SI_figures/traditional_comparison/climwin_vs_dcc_ScottyCree
k_PIMA_tmx.png>
Package pdftex.def Info: tables_figures/SI_figures/traditional_comparison/climw
in_vs_dcc_ScottyCreek_PIMA_tmx.png  used on input line 963.
(pdftex.def)             Requested size: 446.26086pt x 223.13042pt.
[21 <./tables_figures/SI_figures/traditional_comparison/climwin_vs_dcc_ScottyCr
eek_PIMA_pre.png> <./tables_figures/SI_figures/traditional_comparison/climwin_v
s_dcc_ScottyCreek_PIMA_tmx.png>]
<tables_figures/SI_figures/climwin_plots_combined/SCBI_pre.png, id=270, 722.7pt
 x 578.16pt>
File: tables_figures/SI_figures/climwin_plots_combined/SCBI_pre.png Graphic fil
e (type png)
<use tables_figures/SI_figures/climwin_plots_combined/SCBI_pre.png>
Package pdftex.def Info: tables_figures/SI_figures/climwin_plots_combined/SCBI_
pre.png  used on input line 986.
(pdftex.def)             Requested size: 469.76045pt x 375.80836pt.
[22 <./tables_figures/SI_figures/climwin_plots_combined/SCBI_pre.png (PNG copy)
>]
<tables_figures/SI_figures/climwin_plots_combined/SCBI_pet.png, id=276, 722.7pt
 x 578.16pt>
File: tables_figures/SI_figures/climwin_plots_combined/SCBI_pet.png Graphic fil
e (type png)
<use tables_figures/SI_figures/climwin_plots_combined/SCBI_pet.png>
Package pdftex.def Info: tables_figures/SI_figures/climwin_plots_combined/SCBI_
pet.png  used on input line 998.
(pdftex.def)             Requested size: 469.76045pt x 375.80836pt.
[23 <./tables_figures/SI_figures/climwin_plots_combined/SCBI_pet.png (PNG copy)
>]
<tables_figures/SI_figures/climwin_plots_combined/HKK_tmp_tmx.png, id=282, 722.
7pt x 578.16pt>
File: tables_figures/SI_figures/climwin_plots_combined/HKK_tmp_tmx.png Graphic 
file (type png)
<use tables_figures/SI_figures/climwin_plots_combined/HKK_tmp_tmx.png>
Package pdftex.def Info: tables_figures/SI_figures/climwin_plots_combined/HKK_t
mp_tmx.png  used on input line 1013.
(pdftex.def)             Requested size: 469.76045pt x 375.80836pt.
[24 <./tables_figures/SI_figures/climwin_plots_combined/HKK_tmp_tmx.png (PNG co
py)>]
<tables_figures/SI_figures/composite_plots/BCI.png, id=288, 722.7pt x 722.7pt>
File: tables_figures/SI_figures/composite_plots/BCI.png Graphic file (type png)

<use tables_figures/SI_figures/composite_plots/BCI.png>
Package pdftex.def Info: tables_figures/SI_figures/composite_plots/BCI.png  use
d on input line 1026.
(pdftex.def)             Requested size: 422.77228pt x 422.77228pt.
[25 <./tables_figures/SI_figures/composite_plots/BCI.png>]
<tables_figures/SI_figures/composite_plots/BCI_with_Year.png, id=300, 722.7pt x
 722.7pt>
File: tables_figures/SI_figures/composite_plots/BCI_with_Year.png Graphic file 
(type png)
<use tables_figures/SI_figures/composite_plots/BCI_with_Year.png>
Package pdftex.def Info: tables_figures/SI_figures/composite_plots/BCI_with_Yea
r.png  used on input line 1048.
(pdftex.def)             Requested size: 422.77228pt x 422.77228pt.
[26 <./tables_figures/SI_figures/composite_plots/BCI_with_Year.png>]
<tables_figures/SI_figures/composite_plots/HKK.png, id=308, 722.7pt x 722.7pt>
File: tables_figures/SI_figures/composite_plots/HKK.png Graphic file (type png)

<use tables_figures/SI_figures/composite_plots/HKK.png>
Package pdftex.def Info: tables_figures/SI_figures/composite_plots/HKK.png  use
d on input line 1070.
(pdftex.def)             Requested size: 422.77228pt x 422.77228pt.
[27 <./tables_figures/SI_figures/composite_plots/HKK.png>]
<tables_figures/SI_figures/composite_plots/HKK_with_Year.png, id=316, 722.7pt x
 722.7pt>
File: tables_figures/SI_figures/composite_plots/HKK_with_Year.png Graphic file 
(type png)
<use tables_figures/SI_figures/composite_plots/HKK_with_Year.png>
Package pdftex.def Info: tables_figures/SI_figures/composite_plots/HKK_with_Yea
r.png  used on input line 1092.
(pdftex.def)             Requested size: 422.77228pt x 422.77228pt.
[28 <./tables_figures/SI_figures/composite_plots/HKK_with_Year.png>]
<tables_figures/SI_figures/composite_plots/SCBI.png, id=324, 722.7pt x 722.7pt>

File: tables_figures/SI_figures/composite_plots/SCBI.png Graphic file (type png
)
<use tables_figures/SI_figures/composite_plots/SCBI.png>
Package pdftex.def Info: tables_figures/SI_figures/composite_plots/SCBI.png  us
ed on input line 1114.
(pdftex.def)             Requested size: 422.77228pt x 422.77228pt.
[29 <./tables_figures/SI_figures/composite_plots/SCBI.png (PNG copy)>]
<tables_figures/SI_figures/composite_plots/SCBI_with_Year.png, id=331, 722.7pt 
x 722.7pt>
File: tables_figures/SI_figures/composite_plots/SCBI_with_Year.png Graphic file
 (type png)
<use tables_figures/SI_figures/composite_plots/SCBI_with_Year.png>
Package pdftex.def Info: tables_figures/SI_figures/composite_plots/SCBI_with_Ye
ar.png  used on input line 1137.
(pdftex.def)             Requested size: 422.77228pt x 422.77228pt.
[30 <./tables_figures/SI_figures/composite_plots/SCBI_with_Year.png (PNG copy)>
]
<tables_figures/SI_figures/composite_plots/LillyDickey.png, id=338, 722.7pt x 7
22.7pt>
File: tables_figures/SI_figures/composite_plots/LillyDickey.png Graphic file (t
ype png)
<use tables_figures/SI_figures/composite_plots/LillyDickey.png>
Package pdftex.def Info: tables_figures/SI_figures/composite_plots/LillyDickey.
png  used on input line 1160.
(pdftex.def)             Requested size: 422.77228pt x 422.77228pt.
[31 <./tables_figures/SI_figures/composite_plots/LillyDickey.png>]
<tables_figures/SI_figures/composite_plots/LillyDickey_with_Year.png, id=347, 7
22.7pt x 722.7pt>
File: tables_figures/SI_figures/composite_plots/LillyDickey_with_Year.png Graph
ic file (type png)
<use tables_figures/SI_figures/composite_plots/LillyDickey_with_Year.png>
Package pdftex.def Info: tables_figures/SI_figures/composite_plots/LillyDickey_
with_Year.png  used on input line 1182.
(pdftex.def)             Requested size: 422.77228pt x 422.77228pt.
[32 <./tables_figures/SI_figures/composite_plots/LillyDickey_with_Year.png>]
<tables_figures/SI_figures/composite_plots/HarvardForest.png, id=355, 722.7pt x
 722.7pt>
File: tables_figures/SI_figures/composite_plots/HarvardForest.png Graphic file 
(type png)
<use tables_figures/SI_figures/composite_plots/HarvardForest.png>
Package pdftex.def Info: tables_figures/SI_figures/composite_plots/HarvardFores
t.png  used on input line 1204.
(pdftex.def)             Requested size: 422.77228pt x 422.77228pt.
[33 <./tables_figures/SI_figures/composite_plots/HarvardForest.png>]
<tables_figures/SI_figures/composite_plots/HarvardForest_with_Year.png, id=363,
 722.7pt x 722.7pt>
File: tables_figures/SI_figures/composite_plots/HarvardForest_with_Year.png Gra
phic file (type png)
<use tables_figures/SI_figures/composite_plots/HarvardForest_with_Year.png>
Package pdftex.def Info: tables_figures/SI_figures/composite_plots/HarvardFores
t_with_Year.png  used on input line 1226.
(pdftex.def)             Requested size: 422.77228pt x 422.77228pt.
[34 <./tables_figures/SI_figures/composite_plots/HarvardForest_with_Year.png>]
<tables_figures/SI_figures/composite_plots/Zofin.png, id=371, 722.7pt x 722.7pt
>
File: tables_figures/SI_figures/composite_plots/Zofin.png Graphic file (type pn
g)
<use tables_figures/SI_figures/composite_plots/Zofin.png>
Package pdftex.def Info: tables_figures/SI_figures/composite_plots/Zofin.png  u
sed on input line 1248.
(pdftex.def)             Requested size: 422.77228pt x 422.77228pt.
[35 <./tables_figures/SI_figures/composite_plots/Zofin.png>]
<tables_figures/SI_figures/composite_plots/Zofin_with_Year.png, id=379, 722.7pt
 x 722.7pt>
File: tables_figures/SI_figures/composite_plots/Zofin_with_Year.png Graphic fil
e (type png)
<use tables_figures/SI_figures/composite_plots/Zofin_with_Year.png>
Package pdftex.def Info: tables_figures/SI_figures/composite_plots/Zofin_with_Y
ear.png  used on input line 1270.
(pdftex.def)             Requested size: 422.77228pt x 422.77228pt.
[36 <./tables_figures/SI_figures/composite_plots/Zofin_with_Year.png>]
<tables_figures/SI_figures/composite_plots/Niobara.png, id=387, 722.7pt x 722.7
pt>
File: tables_figures/SI_figures/composite_plots/Niobara.png Graphic file (type 
png)
<use tables_figures/SI_figures/composite_plots/Niobara.png>
Package pdftex.def Info: tables_figures/SI_figures/composite_plots/Niobara.png 
 used on input line 1292.
(pdftex.def)             Requested size: 422.77228pt x 422.77228pt.
[37 <./tables_figures/SI_figures/composite_plots/Niobara.png>]
<tables_figures/SI_figures/composite_plots/Niobara_with_Year.png, id=396, 722.7
pt x 722.7pt>
File: tables_figures/SI_figures/composite_plots/Niobara_with_Year.png Graphic f
ile (type png)
<use tables_figures/SI_figures/composite_plots/Niobara_with_Year.png>
Package pdftex.def Info: tables_figures/SI_figures/composite_plots/Niobara_with
_Year.png  used on input line 1314.
(pdftex.def)             Requested size: 422.77228pt x 422.77228pt.
[38 <./tables_figures/SI_figures/composite_plots/Niobara_with_Year.png>]
<tables_figures/SI_figures/composite_plots/NewMexico.png, id=404, 722.7pt x 722
.7pt>
File: tables_figures/SI_figures/composite_plots/NewMexico.png Graphic file (typ
e png)
<use tables_figures/SI_figures/composite_plots/NewMexico.png>
Package pdftex.def Info: tables_figures/SI_figures/composite_plots/NewMexico.pn
g  used on input line 1336.
(pdftex.def)             Requested size: 422.77228pt x 422.77228pt.
[39 <./tables_figures/SI_figures/composite_plots/NewMexico.png>]
<tables_figures/SI_figures/composite_plots/NewMexico_with_Year.png, id=412, 722
.7pt x 722.7pt>
File: tables_figures/SI_figures/composite_plots/NewMexico_with_Year.png Graphic
 file (type png)
<use tables_figures/SI_figures/composite_plots/NewMexico_with_Year.png>
Package pdftex.def Info: tables_figures/SI_figures/composite_plots/NewMexico_wi
th_Year.png  used on input line 1358.
(pdftex.def)             Requested size: 422.77228pt x 422.77228pt.
[40 <./tables_figures/SI_figures/composite_plots/NewMexico_with_Year.png>]
<tables_figures/SI_figures/composite_plots/CedarBreaks.png, id=420, 722.7pt x 7
22.7pt>
File: tables_figures/SI_figures/composite_plots/CedarBreaks.png Graphic file (t
ype png)
<use tables_figures/SI_figures/composite_plots/CedarBreaks.png>
Package pdftex.def Info: tables_figures/SI_figures/composite_plots/CedarBreaks.
png  used on input line 1380.
(pdftex.def)             Requested size: 422.77228pt x 422.77228pt.
[41 <./tables_figures/SI_figures/composite_plots/CedarBreaks.png (PNG copy)>]
<tables_figures/SI_figures/composite_plots/CedarBreaks_with_Year.png, id=427, 7
22.7pt x 722.7pt>
File: tables_figures/SI_figures/composite_plots/CedarBreaks_with_Year.png Graph
ic file (type png)
<use tables_figures/SI_figures/composite_plots/CedarBreaks_with_Year.png>
Package pdftex.def Info: tables_figures/SI_figures/composite_plots/CedarBreaks_
with_Year.png  used on input line 1402.
(pdftex.def)             Requested size: 422.77228pt x 422.77228pt.
[42 <./tables_figures/SI_figures/composite_plots/CedarBreaks_with_Year.png (PNG
 copy)>]
<tables_figures/SI_figures/composite_plots/ScottyCreek.png, id=435, 722.7pt x 7
22.7pt>
File: tables_figures/SI_figures/composite_plots/ScottyCreek.png Graphic file (t
ype png)
<use tables_figures/SI_figures/composite_plots/ScottyCreek.png>
Package pdftex.def Info: tables_figures/SI_figures/composite_plots/ScottyCreek.
png  used on input line 1424.
(pdftex.def)             Requested size: 422.77228pt x 422.77228pt.
[43 <./tables_figures/SI_figures/composite_plots/ScottyCreek.png>]
<tables_figures/SI_figures/composite_plots/ScottyCreek_with_Year.png, id=444, 7
22.7pt x 722.7pt>
File: tables_figures/SI_figures/composite_plots/ScottyCreek_with_Year.png Graph
ic file (type png)
<use tables_figures/SI_figures/composite_plots/ScottyCreek_with_Year.png>
Package pdftex.def Info: tables_figures/SI_figures/composite_plots/ScottyCreek_
with_Year.png  used on input line 1446.
(pdftex.def)             Requested size: 422.77228pt x 422.77228pt.
[44 <./tables_figures/SI_figures/composite_plots/ScottyCreek_with_Year.png>]
<tables_figures/SI_figures/GLS_pre1970_ScottyCreek.png, id=452, 722.7pt x 578.1
6pt>
File: tables_figures/SI_figures/GLS_pre1970_ScottyCreek.png Graphic file (type 
png)
<use tables_figures/SI_figures/GLS_pre1970_ScottyCreek.png>
Package pdftex.def Info: tables_figures/SI_figures/GLS_pre1970_ScottyCreek.png 
 used on input line 1468.
(pdftex.def)             Requested size: 328.82901pt x 263.0632pt.
<tables_figures/SI_figures/GLS_post1970_ScottyCreek.png, id=453, 722.7pt x 578.
16pt>
File: tables_figures/SI_figures/GLS_post1970_ScottyCreek.png Graphic file (type
 png)
<use tables_figures/SI_figures/GLS_post1970_ScottyCreek.png>
Package pdftex.def Info: tables_figures/SI_figures/GLS_post1970_ScottyCreek.png
  used on input line 1474.
(pdftex.def)             Requested size: 328.82901pt x 263.0632pt.
[45 <./tables_figures/SI_figures/GLS_pre1970_ScottyCreek.png> <./tables_figures
/SI_figures/GLS_post1970_ScottyCreek.png>]
<tables_figures/pre_temp_groups_dbh_interactions_log_core_measurement_dbh.png, 
id=462, 592.614pt x 592.614pt>
File: tables_figures/pre_temp_groups_dbh_interactions_log_core_measurement_dbh.
png Graphic file (type png)
<use tables_figures/pre_temp_groups_dbh_interactions_log_core_measurement_dbh.p
ng>
Package pdftex.def Info: tables_figures/pre_temp_groups_dbh_interactions_log_co
re_measurement_dbh.png  used on input line 1487.
(pdftex.def)             Requested size: 469.7695pt x 469.7695pt.
[46 <./tables_figures/pre_temp_groups_dbh_interactions_log_core_measurement_dbh
.png (PNG copy)>]
<tables_figures/pre_temp_groups_dbh_interactions_log_BAI_dbh.png, id=469, 592.6
14pt x 592.614pt>
File: tables_figures/pre_temp_groups_dbh_interactions_log_BAI_dbh.png Graphic f
ile (type png)
<use tables_figures/pre_temp_groups_dbh_interactions_log_BAI_dbh.png>
Package pdftex.def Info: tables_figures/pre_temp_groups_dbh_interactions_log_BA
I_dbh.png  used on input line 1499.
(pdftex.def)             Requested size: 469.7695pt x 469.7695pt.
[47 <./tables_figures/pre_temp_groups_dbh_interactions_log_BAI_dbh.png>] [48]
Package atveryend Info: Empty hook `BeforeClearDocument' on input line 1621.
[49]
Package atveryend Info: Empty hook `AfterLastShipout' on input line 1621.
(./MEE_manuscript_SI.aux)
Package atveryend Info: Executing hook `AtVeryEndDocument' on input line 1621.
Package atveryend Info: Empty hook `AtEndAfterFileList' on input line 1621.
 ) 
Here is how much of TeX's memory you used:
 16111 strings out of 492616
 250120 string characters out of 6129482
 384319 words of memory out of 5000000
 19360 multiletter control sequences out of 15000+600000
 75586 words of font info for 143 fonts, out of 8000000 for 9000
 1141 hyphenation exceptions out of 8191
 40i,15n,44p,1521b,464s stack positions out of 5000i,500n,10000p,200000b,80000s
{/usr/local/texlive/2019/texmf-dist/fonts/enc/dvips/lm/lm-ec.enc}{/usr/local/
texlive/2019/texmf-dist/fonts/enc/dvips/lm/lm-mathit.enc}{/usr/local/texlive/20
19/texmf-dist/fonts/enc/dvips/lm/lm-rm.enc}{/usr/local/texlive/2019/texmf-dist/
fonts/enc/dvips/lm/lm-mathex.enc}{/usr/local/texlive/2019/texmf-dist/fonts/enc/
dvips/lm/lm-mathsy.enc}</usr/local/texlive/2019/texmf-dist/fonts/type1/public/l
m/lmbx10.pfb></usr/local/texlive/2019/texmf-dist/fonts/type1/public/lm/lmbx12.p
fb></usr/local/texlive/2019/texmf-dist/fonts/type1/public/lm/lmbx7.pfb></usr/lo
cal/texlive/2019/texmf-dist/fonts/type1/public/lm/lmex10.pfb></usr/local/texliv
e/2019/texmf-dist/fonts/type1/public/lm/lmmi10.pfb></usr/local/texlive/2019/tex
mf-dist/fonts/type1/public/lm/lmmi12.pfb></usr/local/texlive/2019/texmf-dist/fo
nts/type1/public/lm/lmmi5.pfb></usr/local/texlive/2019/texmf-dist/fonts/type1/p
ublic/lm/lmmi7.pfb></usr/local/texlive/2019/texmf-dist/fonts/type1/public/lm/lm
r10.pfb></usr/local/texlive/2019/texmf-dist/fonts/type1/public/lm/lmr17.pfb></u
sr/local/texlive/2019/texmf-dist/fonts/type1/public/lm/lmr7.pfb></usr/local/tex
live/2019/texmf-dist/fonts/type1/public/lm/lmr8.pfb></usr/local/texlive/2019/te
xmf-dist/fonts/type1/public/lm/lmri10.pfb></usr/local/texlive/2019/texmf-dist/f
onts/type1/public/lm/lmri8.pfb></usr/local/texlive/2019/texmf-dist/fonts/type1/
public/lm/lmsy10.pfb></usr/local/texlive/2019/texmf-dist/fonts/type1/public/lm/
lmtt10.pfb>
Output written on MEE_manuscript_SI.pdf (49 pages, 7353096 bytes).
PDF statistics:
 755 PDF objects out of 1000 (max. 8388607)
 619 compressed objects within 7 object streams
 204 named destinations out of 1000 (max. 500000)
 16896 words of extra memory for PDF output out of 17280 (max. 10000000)

